Vivado Simulator 2018.3
Copyright 1986-1999, 2001-2018 Xilinx, Inc. All Rights Reserved.
Running: D:/Xilinx/Vivado/2018.3/bin/unwrapped/win64.o/xelab.exe -wto 1e0777dd008c45fcbaffd6b18f2c35e9 --incr --debug typical --relax --mt 2 -L xbip_utils_v3_0_9 -L xbip_pipe_v3_0_5 -L xbip_bram18k_v3_0_5 -L mult_gen_v12_0_14 -L axi_lite_ipif_v3_0_4 -L tri_mode_ethernet_mac_v9_0_13 -L xil_defaultlib -L unisims_ver -L unimacro_ver -L secureip -L xpm --snapshot tb_behav xil_defaultlib.tb xil_defaultlib.glbl -log elaborate.log 
Using 2 slave threads.
Starting static elaboration
WARNING: [VRFC 10-3363] function 'getTime' has no return value assignment [C:/workspace/Networking/thinpad_top/thinpad_top.srcs/sim_1/new/include/TimingData.h:182]
Completed static elaboration
Starting simulation data flow analysis
Completed simulation data flow analysis
Time Resolution for simulation is 1ps
Compiling package std.standard
Compiling package std.textio
Compiling package ieee.std_logic_1164
Compiling package ieee.numeric_std
Compiling package unisim.vcomponents
Compiling package ieee.vital_timing
Compiling package ieee.vital_primitives
Compiling package unisim.vpkg
Compiling package tri_mode_ethernet_mac_v9_0_13.tx_pack
Compiling package tri_mode_ethernet_mac_v9_0_13.common_pack
Compiling package tri_mode_ethernet_mac_v9_0_13.ptp_pack
Compiling package ieee.std_logic_arith
Compiling package ieee.std_logic_unsigned
Compiling package tri_mode_ethernet_mac_v9_0_13.rx_pack
Compiling module unisims_ver.IBUF
Compiling module unisims_ver.MMCME2_ADV(CLKFBOUT_MULT_F=20.0,...
Compiling module unisims_ver.BUFG
Compiling module xil_defaultlib.pll_example_clk_wiz
Compiling module xil_defaultlib.pll_example
Compiling module xil_defaultlib.eth_conf
Compiling module xil_defaultlib.SEG7_LUT
Compiling module xil_defaultlib.BaudTickGen(ClkFrequency=5000000...
Compiling module xil_defaultlib.async_receiver(ClkFrequency=5000...
Compiling module xil_defaultlib.BaudTickGen(ClkFrequency=5000000...
Compiling module xil_defaultlib.async_transmitter(ClkFrequency=5...
Compiling module xil_defaultlib.vga(WIDTH=12,HSIZE=800,HFP=856,H...
Compiling module unisims_ver.MMCME2_ADV(CLKIN1_PERIOD=8.0,CLK...
Compiling module unisims_ver.BUFGCE
Compiling module xil_defaultlib.eth_mac_support_clocking
Compiling module unisims_ver.FDPE_default
Compiling module xil_defaultlib.eth_mac_block_reset_sync
Compiling module unisims_ver.FDRE_default
Compiling module xil_defaultlib.eth_mac_block_sync_block
Compiling module xil_defaultlib.eth_mac_support_resets
Compiling module unisims_ver.IDELAYCTRL_default
Compiling module xil_defaultlib.eth_mac_clk_en_gen
Compiling module unisims_ver.OBUF
Compiling module unisims_ver.ODDR(DDR_CLK_EDGE="SAME_EDGE")
Compiling module unisims_ver.BUFIO
Compiling module unisims_ver.BUFR_default
Compiling module unisims_ver.IDELAYE2_default
Compiling module unisims_ver.IDDR(DDR_CLK_EDGE="SAME_EDGE_PIP...
Compiling module xil_defaultlib.eth_mac_rgmii_v2_0_if_default
Compiling architecture rtl of entity tri_mode_ethernet_mac_v9_0_13.tri_mode_ethernet_mac_v9_0_13_sync_reset [tri_mode_ethernet_mac_v9_0_13_sy...]
Compiling architecture rtl of entity tri_mode_ethernet_mac_v9_0_13.tri_mode_ethernet_mac_v9_0_13_sync_reset [\tri_mode_ethernet_mac_v9_0_13_s...]
Compiling module tri_mode_ethernet_mac_v9_0_13.tri_mode_ethernet_mac_v9_0_13_gm...
Compiling module tri_mode_ethernet_mac_v9_0_13.tri_mode_ethernet_mac_v9_0_13_gm...
Compiling module tri_mode_ethernet_mac_v9_0_13.tri_mode_ethernet_mac_v9_0_13_ip...
Compiling module tri_mode_ethernet_mac_v9_0_13.tri_mode_ethernet_mac_v9_0_13_tx...
Compiling module tri_mode_ethernet_mac_v9_0_13.tri_mode_ethernet_mac_v9_0_13_rx...
Compiling module tri_mode_ethernet_mac_v9_0_13.tri_mode_ethernet_mac_v9_0_13_rx...
Compiling module unisims_ver.LUT4
Compiling module tri_mode_ethernet_mac_v9_0_13.tri_mode_ethernet_mac_v9_0_13_tx...
Compiling module tri_mode_ethernet_mac_v9_0_13.tri_mode_ethernet_mac_v9_0_13_pf...
Compiling module tri_mode_ethernet_mac_v9_0_13.tri_mode_ethernet_mac_v9_0_13_rx...
Compiling architecture fdre_v of entity unisim.FDRE [fdre_default]
Compiling architecture structural of entity tri_mode_ethernet_mac_v9_0_13.tri_mode_ethernet_mac_v9_0_13_sync_block [tri_mode_ethernet_mac_v9_0_13_sy...]
Compiling module tri_mode_ethernet_mac_v9_0_13.tri_mode_ethernet_mac_v9_0_13_tx...
Compiling module tri_mode_ethernet_mac_v9_0_13.tri_mode_ethernet_mac_v9_0_13_co...
Compiling architecture muxcy_v of entity unisim.MUXCY [muxcy_default]
Compiling architecture fdce_v of entity unisim.FDCE [fdce_default]
Compiling architecture lut2_v of entity unisim.LUT2 [\LUT2(init="1000")(0,3)\]
Compiling architecture vcc_v of entity unisim.VCC [vcc_default]
Compiling architecture gnd_v of entity unisim.GND [gnd_default]
Compiling architecture xorcy_v of entity unisim.XORCY [xorcy_default]
Compiling architecture schematic of entity tri_mode_ethernet_mac_v9_0_13.CC8CE [cc8ce_default]
Compiling architecture schematic of entity tri_mode_ethernet_mac_v9_0_13.CC2CE [cc2ce_default]
Compiling architecture rtl of entity tri_mode_ethernet_mac_v9_0_13.CRC_64_32 [crc_64_32_default]
Compiling architecture rtl of entity tri_mode_ethernet_mac_v9_0_13.CRC32_8 [crc32_8_default]
Compiling architecture rtl of entity tri_mode_ethernet_mac_v9_0_13.TX_STATE_MACH [\TX_STATE_MACH(c_half_duplex=fal...]
Compiling architecture srl16e_v of entity unisim.SRL16E [\SRL16E(0,15)\]
Compiling architecture rtl of entity tri_mode_ethernet_mac_v9_0_13.tri_mode_ethernet_mac_v9_0_13_tx [\tri_mode_ethernet_mac_v9_0_13_t...]
Compiling architecture rtl of entity tri_mode_ethernet_mac_v9_0_13.STATE_MACHINES [state_machines_default]
Compiling architecture rtl of entity tri_mode_ethernet_mac_v9_0_13.DECODE_FRAME [decode_frame_default]
Compiling architecture rtl of entity tri_mode_ethernet_mac_v9_0_13.PARAM_CHECK [param_check_default]
Compiling architecture rtl of entity tri_mode_ethernet_mac_v9_0_13.tri_mode_ethernet_mac_v9_0_13_rx [\tri_mode_ethernet_mac_v9_0_13_r...]
Compiling module unisims_ver.RAM64X1D
Compiling module unisims_ver.x_lut3_mux8
Compiling module unisims_ver.LUT3
Compiling module unisims_ver.SRL16E_default
Compiling module tri_mode_ethernet_mac_v9_0_13.tri_mode_ethernet_mac_v9_0_13_ad...
Compiling module tri_mode_ethernet_mac_v9_0_13.tri_mode_ethernet_mac_v9_0_13_ad...
Compiling module tri_mode_ethernet_mac_v9_0_13.tri_mode_ethernet_mac_v9_0_13(C_...
Compiling module xil_defaultlib.eth_mac_block
Compiling module xil_defaultlib.eth_mac_support
Compiling module xil_defaultlib.eth_mac
Compiling module xpm.xpm_cdc_sync_rst(DEST_SYNC_FF=2,...
Compiling module xpm.xpm_fifo_rst(COMMON_CLOCK=0)
Compiling module xpm.xpm_fifo_reg_bit
Compiling module xpm.xpm_counter_updn(COUNTER_WIDTH=5...
Compiling module xpm.xpm_counter_updn(RESET_VALUE=1)
Compiling module xpm.xpm_counter_updn(RESET_VALUE=2)
Compiling module xpm.xpm_memory_base(MEMORY_TYPE=1,ME...
Compiling module xpm.xpm_cdc_gray(DEST_SYNC_FF=2,INIT...
Compiling module xpm.xpm_fifo_reg_vec
Compiling module xpm.xpm_cdc_gray(INIT_SYNC_FF=1,WIDT...
Compiling module xpm.xpm_fifo_reg_vec(REG_WIDTH=5)
Compiling module xpm.xpm_cdc_gray(DEST_SYNC_FF=2,INIT...
Compiling module xpm.xpm_counter_updn(COUNTER_WIDTH=2...
Compiling module xpm.xpm_fifo_base(COMMON_CLOCK=0,FIF...
Compiling module xpm.xpm_fifo_async(FIFO_MEMORY_TYPE=...
Compiling module xil_defaultlib.AsyncBridge
Compiling module xpm.xpm_memory_base(MEMORY_TYPE=1,ME...
Compiling module xpm.xpm_fifo_base(COMMON_CLOCK=0,FIF...
Compiling module xpm.xpm_fifo_async(FIFO_MEMORY_TYPE=...
Compiling module xil_defaultlib.AsyncBridge_1
Compiling module xpm.xpm_counter_updn(COUNTER_WIDTH=1...
Compiling module xpm.xpm_counter_updn(COUNTER_WIDTH=1...
Compiling module xpm.xpm_counter_updn(COUNTER_WIDTH=1...
Compiling module xpm.xpm_memory_base(MEMORY_TYPE=1,ME...
Compiling module xpm.xpm_cdc_gray(DEST_SYNC_FF=2,INIT...
Compiling module xpm.xpm_fifo_reg_vec(REG_WIDTH=12)
Compiling module xpm.xpm_cdc_gray(INIT_SYNC_FF=1,WIDT...
Compiling module xpm.xpm_fifo_reg_vec(REG_WIDTH=13)
Compiling module xpm.xpm_cdc_gray(DEST_SYNC_FF=2,INIT...
Compiling module xpm.xpm_fifo_base(COMMON_CLOCK=0,FIF...
Compiling module xpm.xpm_fifo_async(FIFO_MEMORY_TYPE=...
Compiling module xil_defaultlib.AsyncBridge_2
Compiling module xil_defaultlib.ARPAcceptor
Compiling module xil_defaultlib.IPAcceptor
Compiling module xil_defaultlib.Acceptor
Compiling module xil_defaultlib.Ctrl
Compiling module xil_defaultlib.LLFT
Compiling module xil_defaultlib.ARPTable
Compiling module xil_defaultlib.Encoder
Compiling module xil_defaultlib.Transmitter
Compiling module xil_defaultlib.Router
Compiling module xil_defaultlib.Top
Compiling module xil_defaultlib.thinpad_top
Compiling module xil_defaultlib.clock
Compiling module xil_defaultlib.flag_sync_cpld
Compiling module xil_defaultlib.cpld_model
Compiling module xil_defaultlib.sram_model
Compiling module xil_defaultlib.DataErrorModule
Compiling module xil_defaultlib.CUIdecoder1_2
Compiling module xil_defaultlib.CUIdecoder_Busy1_1
Compiling module xil_defaultlib.CUIdecoder2_2
Compiling module xil_defaultlib.KernelModule_1
Compiling module xil_defaultlib.ReadModule_1
Compiling module xil_defaultlib.OutputBufferModule_1
Compiling module xil_defaultlib.StatusRegModule_1
Compiling module xil_defaultlib.MemoryModule(FILENAME_MEM="/tmp/...
Compiling module xil_defaultlib.ProgramModule_1
Compiling module xil_defaultlib.BuffEnhancedFactProgramModule_1
Compiling module xil_defaultlib.ProtectRegModule_1
Compiling module xil_defaultlib.EraseModule_1
Compiling module xil_defaultlib.BlankCheckModule_1
Compiling module xil_defaultlib.BlockLockModule_1
Compiling module xil_defaultlib.ProgramBufferModule_1
Compiling module xil_defaultlib.SignatureModule_1
Compiling module xil_defaultlib.CFIqueryModule_1
Compiling module xil_defaultlib.ConfigRegModule_1
Compiling module xil_defaultlib.BurstModule_1
Compiling module xil_defaultlib.BankLib
Compiling module xil_defaultlib.TimingDataModule
Compiling module xil_defaultlib.TimingLibModule_1
Compiling module xil_defaultlib.DebugModule
Compiling module xil_defaultlib.x28fxxxp30(FILENAME_MEM="/tmp/ke...
Compiling module xil_defaultlib.rgmii_model_default
WARNING: [XSIM 43-3373] "C:/workspace/Networking/thinpad_top/thinpad_top.srcs/sim_1/new/rgmii_model.sv" Line 44. System function $fgets is used as system task. This system function should have a LHS e.g. x=$fgets().
Compiling module xil_defaultlib.tb
Compiling module xil_defaultlib.glbl
Built simulation snapshot tb_behav
