#
# A fatal error has been detected by the Java Runtime Environment:
#
#  EXCEPTION_ACCESS_VIOLATION (0xc0000005) at pc=0x00007ffbb7be880f, pid=11336, tid=27652
#
# JRE version: Java(TM) SE Runtime Environment (9.0+11) (build 9.0.4+11)
# Java VM: Java HotSpot(TM) 64-Bit Server VM (9.0.4+11, mixed mode, tiered, compressed oops, g1 gc, windows-amd64)
# Problematic frame:
# C  [librdi_common.dll+0x17880f]
#
# No core dump will be written. Minidumps are not enabled by default on client versions of Windows
#
# If you would like to submit a bug report, please visit:
#   http://bugreport.java.com/bugreport/crash.jsp
# The crash happened outside the Java Virtual Machine in native code.
# See problematic frame for where to report the bug.
#

---------------  S U M M A R Y ------------

Command Line: -Dsun.java2d.pmoffscreen=false -Dsun.java2d.xrender=false -Dsun.java2d.d3d=false -Dsun.awt.nopixfmt=true -Dsun.java2d.dpiaware=true -Dsun.java2d.uiScale.enabled=false -Xverify:none -Dswing.aatext=true -XX:-UsePerfData -Djdk.map.althashing.threshold=512 -XX:StringTableSize=4072 --add-opens=java.base/java.nio=ALL-UNNAMED --add-opens=java.desktop/sun.swing=ALL-UNNAMED --add-opens=java.desktop/javax.swing=ALL-UNNAMED --add-opens=java.desktop/javax.swing.tree=ALL-UNNAMED --add-opens=java.desktop/javax.swing.plaf.basic=ALL-UNNAMED --add-opens=java.desktop/javax.swing.plaf.synth=ALL-UNNAMED --add-opens=java.desktop/com.sun.awt=ALL-UNNAMED -XX:NewSize=60m -XX:MaxNewSize=60m -Xms128m -Xmx3072m -Xss5m 

Host: Intel(R) Core(TM) i5-3470 CPU @ 3.20GHz, 4 cores, 9G,  Windows 10 , 64 bit Build 18985 (10.0.18985.1)
Time: Wed Oct 02 04:54:18 2019 ?D1¨²¡À¨º¡Á?¨º¡À?? elapsed time: 15742 seconds (0d 4h 22m 22s)

---------------  T H R E A D  ---------------

Current thread (0x0000021a56597800):  JavaThread "AWT-EventQueue-0" [_thread_in_native, id=27652, stack(0x000000e973c00000,0x000000e974100000)]

Stack: [0x000000e973c00000,0x000000e974100000],  sp=0x000000e9740fb030,  free space=5100k
Native frames: (J=compiled Java code, j=interpreted, Vv=VM code, C=native code)
C  [librdi_common.dll+0x17880f]
C  [librdi_common.dll+0x81bcd]
C  [librdi_wavedata.dll+0x1d9e1e]
C  [librdi_wavedata.dll+0x256eaf]
C  [librdi_wavedata.dll+0x25e869]
C  [librdi_wavedata.dll+0x22f5bb]
C  [librdi_wavedata.dll+0x26b487]
C  0x0000021a44af0eba

Java frames: (J=compiled Java code, j=interpreted, Vv=VM code)
J 19184  ui.views.waveform.waveformi.WVExecutive_getTooltipTextDelayed(J)Ljava/lang/String; (0 bytes) @ 0x0000021a44af0e21 [0x0000021a44af0de0+0x0000000000000041]
J 22561 c2 ui.views.waveform.b.a.mouseMoved(Ljava/awt/event/MouseEvent;)V (32 bytes) @ 0x0000021a44d3c544 [0x0000021a44d3c3a0+0x00000000000001a4]
J 18870 c2 java.awt.AWTEventMulticaster.mouseMoved(Ljava/awt/event/MouseEvent;)V java.desktop@9.0.4 (27 bytes) @ 0x0000021a44a9df74 [0x0000021a44a9dec0+0x00000000000000b4]
J 18870 c2 java.awt.AWTEventMulticaster.mouseMoved(Ljava/awt/event/MouseEvent;)V java.desktop@9.0.4 (27 bytes) @ 0x0000021a44a9df34 [0x0000021a44a9dec0+0x0000000000000074]
J 22356 c2 javax.swing.JComponent.processMouseMotionEvent(Ljava/awt/event/MouseEvent;)V java.desktop@9.0.4 (46 bytes) @ 0x0000021a444d62f8 [0x0000021a444d6240+0x00000000000000b8]
J 22520 c2 ui.frmwork.c.i.processMouseMotionEvent(Ljava/awt/event/MouseEvent;)V (131 bytes) @ 0x0000021a44a95f68 [0x0000021a44a95ca0+0x00000000000002c8]
J 13802 c2 java.awt.Container.processEvent(Ljava/awt/AWTEvent;)V java.desktop@9.0.4 (22 bytes) @ 0x0000021a44375d98 [0x0000021a44375c20+0x0000000000000178]
J 23999 c2 java.awt.Component.dispatchEventImpl(Ljava/awt/AWTEvent;)V java.desktop@9.0.4 (739 bytes) @ 0x0000021a4503474c [0x0000021a450338c0+0x0000000000000e8c]
J 19049 c2 java.awt.Container.dispatchEventImpl(Ljava/awt/AWTEvent;)V java.desktop@9.0.4 (129 bytes) @ 0x0000021a44ad6d24 [0x0000021a44ad6cc0+0x0000000000000064]
J 19084 c2 java.awt.LightweightDispatcher.retargetMouseEvent(Ljava/awt/Component;ILjava/awt/event/MouseEvent;)V java.desktop@9.0.4 (350 bytes) @ 0x0000021a44adf194 [0x0000021a44adeba0+0x00000000000005f4]
J 19049 c2 java.awt.Container.dispatchEventImpl(Ljava/awt/AWTEvent;)V java.desktop@9.0.4 (129 bytes) @ 0x0000021a44ad76f0 [0x0000021a44ad6cc0+0x0000000000000a30]
J 19563 c2 java.awt.Window.dispatchEventImpl(Ljava/awt/AWTEvent;)V java.desktop@9.0.4 (23 bytes) @ 0x0000021a43c70f8c [0x0000021a43c70f40+0x000000000000004c]
J 12395 c2 java.awt.EventQueue$3.run()Ljava/lang/Object; java.desktop@9.0.4 (5 bytes) @ 0x0000021a43ac3b54 [0x0000021a43ac39a0+0x00000000000001b4]
v  ~StubRoutines::call_stub
J 3658  java.security.AccessController.doPrivileged(Ljava/security/PrivilegedAction;Ljava/security/AccessControlContext;)Ljava/lang/Object; java.base@9.0.4 (0 bytes) @ 0x0000021a439a67c6 [0x0000021a439a6760+0x0000000000000066]
J 19039 c2 java.awt.EventQueue$4.run()Ljava/lang/Object; java.desktop@9.0.4 (5 bytes) @ 0x0000021a44acc3c0 [0x0000021a44acc160+0x0000000000000260]
v  ~StubRoutines::call_stub
J 3658  java.security.AccessController.doPrivileged(Ljava/security/PrivilegedAction;Ljava/security/AccessControlContext;)Ljava/lang/Object; java.base@9.0.4 (0 bytes) @ 0x0000021a439a67c6 [0x0000021a439a6760+0x0000000000000066]
J 12393 c2 java.awt.EventQueue.dispatchEvent(Ljava/awt/AWTEvent;)V java.desktop@9.0.4 (80 bytes) @ 0x0000021a43b0f744 [0x0000021a43b0f1c0+0x0000000000000584]
J 19346 c2 java.awt.EventDispatchThread.pumpOneEventForFilters(I)V java.desktop@9.0.4 (218 bytes) @ 0x0000021a44b3c2cc [0x0000021a44b3bee0+0x00000000000003ec]
J 12873% c2 java.awt.EventDispatchThread.pumpEventsForFilter(ILjava/awt/Conditional;Ljava/awt/EventFilter;)V java.desktop@9.0.4 (47 bytes) @ 0x0000021a43a9f240 [0x0000021a43a9f140+0x0000000000000100]
j  java.awt.EventDispatchThread.pumpEventsForHierarchy(ILjava/awt/Conditional;Ljava/awt/Component;)V+11 java.desktop@9.0.4
j  java.awt.EventDispatchThread.pumpEvents(ILjava/awt/Conditional;)V+4 java.desktop@9.0.4
j  java.awt.EventDispatchThread.pumpEvents(Ljava/awt/Conditional;)V+3 java.desktop@9.0.4
j  java.awt.EventDispatchThread.run()V+9 java.desktop@9.0.4
v  ~StubRoutines::call_stub

siginfo: EXCEPTION_ACCESS_VIOLATION (0xc0000005), reading address 0xffffffffffffffff


Register to memory mapping:

RIP=0x00007ffbb7be880f librdi_common.dll
RAX=0x0000021a2de03801 is an unknown value
RBX=0x000000e9740fb0f0 is pointing into the stack for thread: 0x0000021a56597800
RCX=0x0000021a2de03810 is an unknown value
RDX=0x9005d307c0f97916 is an unknown value
RSP=0x000000e9740fb030 is pointing into the stack for thread: 0x0000021a56597800
RBP=0x000000e9740fb280 is pointing into the stack for thread: 0x0000021a56597800
RSI=0x0000000000000000 is an unknown value
RDI=0x9005d307c0f97916 is an unknown value
R8 =0x00007ffb84ad37dc librdi_wavedata.dll
R9 =0x00007ffb84690000 librdi_wavedata.dll
R10=0x0000000000000001 is an unknown value
R11=0x000000e9740fb0b8 is pointing into the stack for thread: 0x0000021a56597800
R12=0x0000000000000000 is an unknown value
R13=0x0000000000000000 is an unknown value
R14=0x0000021a5ebfdba0 is an unknown value
R15=0x000000005cfcfa38 is an unknown value


Registers:
RAX=0x0000021a2de03801, RBX=0x000000e9740fb0f0, RCX=0x0000021a2de03810, RDX=0x9005d307c0f97916
RSP=0x000000e9740fb030, RBP=0x000000e9740fb280, RSI=0x0000000000000000, RDI=0x9005d307c0f97916
R8 =0x00007ffb84ad37dc, R9 =0x00007ffb84690000, R10=0x0000000000000001, R11=0x000000e9740fb0b8
R12=0x0000000000000000, R13=0x0000000000000000, R14=0x0000021a5ebfdba0, R15=0x000000005cfcfa38
RIP=0x00007ffbb7be880f, EFLAGS=0x0000000000010202

Top of Stack: (sp=0x000000e9740fb030)
0x000000e9740fb030:   0000000000000000 000000000000000f
0x000000e9740fb040:   0000021a77fe5400 000000e9740fb0f0
0x000000e9740fb050:   0000000000000000 fffffffffffffffe
0x000000e9740fb060:   00007ffb84ae6500 00007ffc112c39b7
0x000000e9740fb070:   0000000000000000 000000000000000f
0x000000e9740fb080:   0000000065757200 0000000000000000
0x000000e9740fb090:   0000000000000000 000000000000000f
0x000000e9740fb0a0:   0000dea964d42760 00007ffc112c398f
0x000000e9740fb0b0:   000000e9740fb268 00007ffbb7af1bcd
0x000000e9740fb0c0:   00007ffb84ad3798 0000021a5ebfdba0
0x000000e9740fb0d0:   0000021a5ebfdba0 0000021a5ed6eff0
0x000000e9740fb0e0:   0000021a5ebfdba0 fffffffffffffffe
0x000000e9740fb0f0:   0000000103166650 00007ffb84868c87
0x000000e9740fb100:   000000005cfcfa38 0000021a5ebfdba0
0x000000e9740fb110:   0000dea964d42790 0000000000000000
0x000000e9740fb120:   0000000000000000 00007ffb84869e1e 

Instructions: (pc=0x00007ffbb7be880f)
0x00007ffbb7be87ef:   6e 00 cc 48 83 f9 27 76 07 ff 15 e2 64 6e 00 cc
0x00007ffbb7be87ff:   48 8b c8 e8 c9 b4 5a 00 48 8b c3 e9 1c 01 00 00
0x00007ffbb7be880f:   48 8b 4f 50 48 85 c9 0f 84 ff 00 00 00 48 8d 54
0x00007ffbb7be881f:   24 50 e8 ba e3 04 00 48 8b d0 48 8d 4c 24 30 e8 



---------------  P R O C E S S  ---------------

Java Threads: ( => current thread )
  0x0000021a5e989800 JavaThread "Relaunch Simulation" [_thread_in_native, id=44548, stack(0x000000e978300000,0x000000e978800000)]
  0x0000021a5e98a800 JavaThread "Thread-17614" [_thread_in_native, id=23812, stack(0x000000e973400000,0x000000e973500000)]
  0x0000021a5e98f000 JavaThread "Thread-17592" [_thread_in_native, id=32420, stack(0x000000e973400000,0x000000e973500000)]
  0x0000021a73b2d800 JavaThread "Thread-17545" [_thread_in_native, id=31536, stack(0x000000e976500000,0x000000e976600000)]
  0x0000021a5840d800 JavaThread "Thread-17384" [_thread_in_native, id=19188, stack(0x000000e976800000,0x000000e976900000)]
  0x0000021a5e24b800 JavaThread "Thread-17352" [_thread_in_native, id=33688, stack(0x000000e976800000,0x000000e976900000)]
  0x0000021a5e24a000 JavaThread "Thread-17334" [_thread_in_native, id=29024, stack(0x000000e976800000,0x000000e976900000)]
  0x0000021a5e250000 JavaThread "Thread-17055" [_thread_in_native, id=40784, stack(0x000000e973300000,0x000000e973400000)]
  0x0000021a73b2c000 JavaThread "Thread-17039" [_thread_in_native, id=3100, stack(0x000000e973300000,0x000000e973400000)]
  0x0000021a73b2a800 JavaThread "Thread-17027" [_thread_in_native, id=40660, stack(0x000000e973300000,0x000000e973400000)]
  0x0000021a73b27000 JavaThread "Thread-16983" [_thread_in_native, id=34436, stack(0x000000e973400000,0x000000e973500000)]
  0x0000021a73b2d000 JavaThread "Thread-16476" [_thread_in_native, id=32192, stack(0x000000e973300000,0x000000e973400000)]
  0x0000021a73b28800 JavaThread "Thread-16287" [_thread_in_native, id=31136, stack(0x000000e973300000,0x000000e973400000)]
  0x0000021a73b22800 JavaThread "Monitor File Timestamp Swing Worker" [_thread_blocked, id=40144, stack(0x000000e979d00000,0x000000e97a200000)]
  0x0000021a73b29000 JavaThread "Timer-3" [_thread_blocked, id=17616, stack(0x000000e978800000,0x000000e978d00000)]
  0x0000021a73b20000 JavaThread "Thread-16269" [_thread_in_native, id=34140, stack(0x000000e973300000,0x000000e973400000)]
  0x0000021a73b21000 JavaThread "Thread-16254" [_thread_in_native, id=32904, stack(0x000000e973300000,0x000000e973400000)]
  0x0000021a73b2e800 JavaThread "Thread-16190" [_thread_in_native, id=34752, stack(0x000000e973400000,0x000000e973500000)]
  0x0000021a73b1f800 JavaThread "Thread-15835" [_thread_in_native, id=44840, stack(0x000000e973300000,0x000000e973400000)]
  0x0000021a73b26000 JavaThread "Thread-15791" [_thread_in_native, id=37096, stack(0x000000e973300000,0x000000e973400000)]
  0x0000021a73b25800 JavaThread "Thread-15539" [_thread_in_native, id=48620, stack(0x000000e973300000,0x000000e973400000)]
  0x0000021a73b24800 JavaThread "Thread-15493" [_thread_in_native, id=47092, stack(0x000000e973300000,0x000000e973400000)]
  0x0000021a73b24000 JavaThread "Thread-15478" [_thread_in_native, id=38564, stack(0x000000e973300000,0x000000e973400000)]
  0x0000021a73b23000 JavaThread "Thread-15405" [_thread_in_native, id=45940, stack(0x000000e976400000,0x000000e976500000)]
  0x0000021a73b21800 JavaThread "Thread-15283" [_thread_in_native, id=50956, stack(0x000000e976600000,0x000000e976700000)]
  0x0000021a58406800 JavaThread "Monitor File Timestamp Swing Worker" [_thread_blocked, id=44072, stack(0x000000e979800000,0x000000e979d00000)]
  0x0000021a58408000 JavaThread "Timer-2" [_thread_blocked, id=37924, stack(0x000000e979300000,0x000000e979800000)]
  0x0000021a58405000 JavaThread "Thread-15267" [_thread_in_native, id=7520, stack(0x000000e976600000,0x000000e976700000)]
  0x0000021a5e253000 JavaThread "Thread-15246" [_thread_in_native, id=48532, stack(0x000000e976600000,0x000000e976700000)]
  0x0000021a5e24e800 JavaThread "Thread-15183" [_thread_in_native, id=45120, stack(0x000000e976700000,0x000000e976800000)]
  0x0000021a5e24f800 JavaThread "Thread-14970" [_thread_in_native, id=25488, stack(0x000000e976600000,0x000000e976700000)]
  0x0000021a5e24e000 JavaThread "Thread-14957" [_thread_in_native, id=51012, stack(0x000000e976600000,0x000000e976700000)]
  0x0000021a5e251800 JavaThread "Thread-14759" [_thread_in_native, id=15660, stack(0x000000e976600000,0x000000e976700000)]
  0x0000021a5e251000 JavaThread "Thread-14685" [_thread_in_native, id=35172, stack(0x000000e976600000,0x000000e976700000)]
  0x0000021a5e24c800 JavaThread "Thread-14670" [_thread_in_native, id=48604, stack(0x000000e976600000,0x000000e976700000)]
  0x0000021a5e24d000 JavaThread "SyntheticaAnimation 50" daemon [_thread_blocked, id=33148, stack(0x000000e977e00000,0x000000e978300000)]
  0x0000021a5e245800 JavaThread "Thread-14604" [_thread_in_native, id=37920, stack(0x000000e976700000,0x000000e976800000)]
  0x0000021a5e243800 JavaThread "Thread-14254" [_thread_in_native, id=38240, stack(0x000000e976600000,0x000000e976700000)]
  0x0000021a5e244000 JavaThread "Thread-14231" [_thread_in_native, id=30512, stack(0x000000e977e00000,0x000000e977f00000)]
  0x0000021a5e24b000 JavaThread "Thread-14218" [_thread_in_native, id=39440, stack(0x000000e977e00000,0x000000e977f00000)]
  0x0000021a5e245000 JavaThread "Thread-14162" [_thread_in_native, id=45980, stack(0x000000e977f00000,0x000000e978000000)]
  0x0000021a5e248800 JavaThread "Thread-13825" [_thread_in_native, id=49540, stack(0x000000e978300000,0x000000e978400000)]
  0x0000021a5e248000 JavaThread "Thread-13802" [_thread_in_native, id=26408, stack(0x000000e978300000,0x000000e978400000)]
  0x0000021a5e246800 JavaThread "Thread-13760" [_thread_in_native, id=49780, stack(0x000000e978300000,0x000000e978400000)]
  0x0000021a5e247000 JavaThread "Thread-13696" [_thread_in_native, id=47640, stack(0x000000e978300000,0x000000e978400000)]
  0x0000021a5e249800 JavaThread "Thread-13650" [_thread_in_native, id=33404, stack(0x000000e978300000,0x000000e978400000)]
  0x0000021a32c82800 JavaThread "Thread-13610" [_thread_in_native, id=21660, stack(0x000000e978300000,0x000000e978400000)]
  0x0000021a58410800 JavaThread "Thread-13601" [_thread_in_native, id=40652, stack(0x000000e978300000,0x000000e978400000)]
  0x0000021a5840e000 JavaThread "Thread-13532" [_thread_in_native, id=10200, stack(0x000000e978300000,0x000000e978400000)]
  0x0000021a58402000 JavaThread "Thread-13432" [_thread_in_native, id=26496, stack(0x000000e978300000,0x000000e978400000)]
  0x0000021a5840c800 JavaThread "Thread-13365" [_thread_in_native, id=30032, stack(0x000000e976500000,0x000000e976600000)]
  0x0000021a5840f800 JavaThread "Thread-13338" [_thread_in_native, id=16516, stack(0x000000e976500000,0x000000e976600000)]
  0x0000021a58404800 JavaThread "Thread-13329" [_thread_in_native, id=37632, stack(0x000000e976500000,0x000000e976600000)]
  0x0000021a5840f000 JavaThread "Thread-13269" [_thread_in_native, id=37840, stack(0x000000e978300000,0x000000e978400000)]
  0x0000021a5840c000 JavaThread "Image Animator 3" daemon [_thread_blocked, id=31184, stack(0x000000e978e00000,0x000000e979300000)]
  0x0000021a5840a800 JavaThread "Thread-13251" [_thread_in_native, id=33076, stack(0x000000e978300000,0x000000e978400000)]
  0x0000021a58406000 JavaThread "Thread-13233" [_thread_in_native, id=5020, stack(0x000000e978d00000,0x000000e978e00000)]
  0x0000021a58409000 JavaThread "SyntheticaAnimation 50" daemon [_thread_blocked, id=32800, stack(0x000000e977800000,0x000000e977d00000)]
  0x0000021a58403000 JavaThread "hw_ila_monitor" [_thread_blocked, id=20048, stack(0x000000e977300000,0x000000e977800000)]
  0x0000021a32c7f800 JavaThread "Update Runs Swing Worker" [_thread_blocked, id=24428, stack(0x000000e976e00000,0x000000e977300000)]
  0x0000021a32c84000 JavaThread "Refresh Filesets Swing Worker" [_thread_blocked, id=34488, stack(0x000000e975f00000,0x000000e976400000)]
  0x0000021a32c86000 JavaThread "SyntheticaAnimation 70" daemon [_thread_blocked, id=38708, stack(0x000000e976900000,0x000000e976e00000)]
  0x0000021a32c85800 JavaThread "SyntheticaAnimation 25" daemon [_thread_blocked, id=35952, stack(0x000000e975a00000,0x000000e975f00000)]
  0x0000021a32c81800 JavaThread "SyntheticaAnimation 50" daemon [_thread_blocked, id=6660, stack(0x000000e975000000,0x000000e975500000)]
  0x0000021a32c84800 JavaThread "Monitor HEventQueue" [_thread_blocked, id=32540, stack(0x000000e974b00000,0x000000e975000000)]
  0x0000021a32c81000 JavaThread "Batik CleanerThread" daemon [_thread_blocked, id=35412, stack(0x000000e975500000,0x000000e975a00000)]
  0x0000021a32c83000 JavaThread "SyntheticaCleanerThread" daemon [_thread_blocked, id=24024, stack(0x000000e974100000,0x000000e974600000)]
  0x0000021a569d6800 JavaThread "Process Messages" [_thread_blocked, id=30432, stack(0x000000e974600000,0x000000e974b00000)]
  0x0000021a568ed000 JavaThread "Thread-1" [_thread_in_native, id=38056, stack(0x000000e96d900000,0x000000e96ed00000)]
=>0x0000021a56597800 JavaThread "AWT-EventQueue-0" [_thread_in_native, id=27652, stack(0x000000e973c00000,0x000000e974100000)]
  0x0000021a346ac800 JavaThread "AWT-Shutdown" [_thread_blocked, id=17824, stack(0x000000e973700000,0x000000e973c00000)]
  0x0000021a56b29800 JavaThread "TimerQueue" daemon [_thread_blocked, id=49372, stack(0x000000e972800000,0x000000e972d00000)]
  0x0000021a34515000 JavaThread "AWT-Windows" daemon [_thread_in_native, id=40276, stack(0x000000e972d00000,0x000000e973200000)]
  0x0000021a345b6000 JavaThread "Java2D Disposer" daemon [_thread_blocked, id=38616, stack(0x000000e972300000,0x000000e972800000)]
  0x0000021a34261000 JavaThread "Service Thread" daemon [_thread_blocked, id=32108, stack(0x000000e971d00000,0x000000e972200000)]
  0x0000021a33aed000 JavaThread "Common-Cleaner" daemon [_thread_blocked, id=50280, stack(0x000000e971800000,0x000000e971d00000)]
  0x0000021a32c80000 JavaThread "Sweeper thread" daemon [_thread_blocked, id=9384, stack(0x000000e971300000,0x000000e971800000)]
  0x0000021a34096000 JavaThread "C1 CompilerThread2" daemon [_thread_blocked, id=50980, stack(0x000000e971200000,0x000000e971300000)]
  0x0000021a32c2b000 JavaThread "C2 CompilerThread1" daemon [_thread_blocked, id=16380, stack(0x000000e971100000,0x000000e971200000)]
  0x0000021a32c2a800 JavaThread "C2 CompilerThread0" daemon [_thread_blocked, id=43248, stack(0x000000e971000000,0x000000e971100000)]
  0x0000021a32f14000 JavaThread "Attach Listener" daemon [_thread_blocked, id=36664, stack(0x000000e970b00000,0x000000e971000000)]
  0x0000021a32f13800 JavaThread "Signal Dispatcher" daemon [_thread_blocked, id=44232, stack(0x000000e970600000,0x000000e970b00000)]
  0x0000021a3240e800 JavaThread "Finalizer" daemon [_thread_blocked, id=35056, stack(0x000000e970100000,0x000000e970600000)]
  0x0000021a30d9f800 JavaThread "Reference Handler" daemon [_thread_blocked, id=48268, stack(0x000000e96fc00000,0x000000e970100000)]
  0x0000021a3303d800 JavaThread "main" [_thread_blocked, id=13000, stack(0x000000e96ef00000,0x000000e96f000000)]

Other Threads:
  0x0000021a31f60000 VMThread "VM Thread" [stack: 0x000000e96fb00000,0x000000e96fc00000] [id=39036]
  0x0000021a34261800 WatcherThread [stack: 0x000000e972200000,0x000000e972300000] [id=27212]
  0x0000021a31338000 GCTaskThread "GC Thread#0" [stack: 0x000000e96f000000,0x000000e96f100000] [id=49308]
  0x0000021a327e6800 GCTaskThread "GC Thread#1" [stack: 0x000000e96f100000,0x000000e96f200000] [id=42560]
  0x0000021a32dd4800 GCTaskThread "GC Thread#2" [stack: 0x000000e96f200000,0x000000e96f300000] [id=19324]
  0x0000021a32f0a800 GCTaskThread "GC Thread#3" [stack: 0x000000e96f300000,0x000000e96f400000] [id=41992]
  0x0000021a31f6d800 ConcurrentGCThread "G1 Main Marker" [stack: 0x000000e96f900000,0x000000e96fa00000] [id=32300]
  0x0000021a31f6e000 ConcurrentGCThread "G1 Marker#0" [stack: 0x000000e96fa00000,0x000000e96fb00000] [id=40988]
  0x0000021a330d9000 ConcurrentGCThread "G1 Refine#0" [stack: 0x000000e96f700000,0x000000e96f800000] [id=34296]
  0x0000021a31282800 ConcurrentGCThread "G1 Refine#1" [stack: 0x000000e96f600000,0x000000e96f700000] [id=11720]
  0x0000021a30c43000 ConcurrentGCThread "G1 Refine#2" [stack: 0x000000e96f500000,0x000000e96f600000] [id=50356]
  0x0000021a32edf800 ConcurrentGCThread "G1 Refine#3" [stack: 0x000000e96f400000,0x000000e96f500000] [id=48684]
  0x0000021a330d9800 ConcurrentGCThread "G1 Young RemSet Sampling" [stack: 0x000000e96f800000,0x000000e96f900000] [id=24732]

Threads with active compile tasks:

VM state:not at safepoint (normal execution)

VM Mutex/Monitor currently owned by a thread: None

Heap address: 0x0000000700000000, size: 3072 MB, Compressed Oops mode: Zero based, Oop shift amount: 3
Narrow klass base: 0x0000000000000000, Narrow klass shift: 3
Compressed class space size: 1073741824 Address: 0x00000007c0000000

Heap:
 garbage-first heap   total 196608K, used 105815K [0x0000000700000000, 0x0000000700100600, 0x00000007c0000000)
  region size 1024K, 42 young (43008K), 1 survivors (1024K)
 Metaspace       used 80662K, capacity 83306K, committed 86960K, reserved 1124352K
  class space    used 10413K, capacity 10939K, committed 11696K, reserved 1048576K
Heap Regions: E=young(eden), S=young(survivor), O=old, HS=humongous(starts), HC=humongous(continues), CS=collection set, F=free, A=archive, TS=gc time stamp, AC=allocation context, TAMS=top-at-mark-start (previous, next)
|   0|0x0000000700000000, 0x0000000700100000, 0x0000000700100000|100%|HS|  |TS  0|AC  0|TAMS 0x0000000700000000, 0x0000000700000000|
|   1|0x0000000700100000, 0x0000000700200000, 0x0000000700200000|100%|HC|  |TS  0|AC  0|TAMS 0x0000000700100000, 0x0000000700100000|
|   2|0x0000000700200000, 0x00000007002f7bd0, 0x0000000700300000| 96%| O|  |TS  0|AC  0|TAMS 0x0000000700200000, 0x0000000700200000|
|   3|0x0000000700300000, 0x0000000700400000, 0x0000000700400000|100%|HS|  |TS  0|AC  0|TAMS 0x0000000700300000, 0x0000000700300000|
|   4|0x0000000700400000, 0x0000000700500000, 0x0000000700500000|100%|HC|  |TS  0|AC  0|TAMS 0x0000000700400000, 0x0000000700400000|
|   5|0x0000000700500000, 0x0000000700600000, 0x0000000700600000|100%|HS|  |TS  0|AC  0|TAMS 0x0000000700500000, 0x0000000700500000|
|   6|0x0000000700600000, 0x0000000700700000, 0x0000000700700000|100%| O|  |TS  0|AC  0|TAMS 0x0000000700600000, 0x0000000700600000|
|   7|0x0000000700700000, 0x00000007007fffe8, 0x0000000700800000| 99%| O|  |TS  0|AC  0|TAMS 0x0000000700700000, 0x0000000700700000|
|   8|0x0000000700800000, 0x00000007008ffff8, 0x0000000700900000| 99%| O|  |TS  0|AC  0|TAMS 0x0000000700800000, 0x0000000700800000|
|   9|0x0000000700900000, 0x00000007009ea068, 0x0000000700a00000| 91%| O|  |TS  0|AC  0|TAMS 0x0000000700900000, 0x0000000700900000|
|  10|0x0000000700a00000, 0x0000000700afffa0, 0x0000000700b00000| 99%| O|  |TS  0|AC  0|TAMS 0x0000000700a00000, 0x0000000700a00000|
|  11|0x0000000700b00000, 0x0000000700bd2108, 0x0000000700c00000| 82%| O|  |TS  0|AC  0|TAMS 0x0000000700b00000, 0x0000000700b00000|
|  12|0x0000000700c00000, 0x0000000700cfe6d0, 0x0000000700d00000| 99%| O|  |TS  0|AC  0|TAMS 0x0000000700c00000, 0x0000000700c00000|
|  13|0x0000000700d00000, 0x0000000700dff488, 0x0000000700e00000| 99%| O|  |TS  0|AC  0|TAMS 0x0000000700d00000, 0x0000000700d00000|
|  14|0x0000000700e00000, 0x0000000700f00000, 0x0000000700f00000|100%| O|  |TS  0|AC  0|TAMS 0x0000000700e00000, 0x0000000700e00000|
|  15|0x0000000700f00000, 0x0000000700fda3e0, 0x0000000701000000| 85%| O|  |TS  0|AC  0|TAMS 0x0000000700f00000, 0x0000000700f00000|
|  16|0x0000000701000000, 0x00000007010ffef8, 0x0000000701100000| 99%| O|  |TS  0|AC  0|TAMS 0x0000000701000000, 0x0000000701000000|
|  17|0x0000000701100000, 0x00000007011ffff8, 0x0000000701200000| 99%| O|  |TS  0|AC  0|TAMS 0x0000000701100000, 0x0000000701100000|
|  18|0x0000000701200000, 0x0000000701300000, 0x0000000701300000|100%| O|  |TS  0|AC  0|TAMS 0x0000000701200000, 0x0000000701200000|
|  19|0x0000000701300000, 0x00000007013fffc0, 0x0000000701400000| 99%| O|  |TS  0|AC  0|TAMS 0x0000000701300000, 0x0000000701300000|
|  20|0x0000000701400000, 0x00000007014ffff0, 0x0000000701500000| 99%| O|  |TS  0|AC  0|TAMS 0x0000000701400000, 0x0000000701400000|
|  21|0x0000000701500000, 0x00000007015fff00, 0x0000000701600000| 99%| O|  |TS  0|AC  0|TAMS 0x0000000701500000, 0x0000000701500000|
|  22|0x0000000701600000, 0x00000007016fffe8, 0x0000000701700000| 99%| O|  |TS  0|AC  0|TAMS 0x0000000701600000, 0x0000000701600000|
|  23|0x0000000701700000, 0x0000000701800000, 0x0000000701800000|100%| O|  |TS  0|AC  0|TAMS 0x0000000701700000, 0x0000000701700000|
|  24|0x0000000701800000, 0x00000007018fffe8, 0x0000000701900000| 99%| O|  |TS  0|AC  0|TAMS 0x0000000701800000, 0x0000000701800000|
|  25|0x0000000701900000, 0x00000007019fffe8, 0x0000000701a00000| 99%| O|  |TS  0|AC  0|TAMS 0x0000000701900000, 0x0000000701900000|
|  26|0x0000000701a00000, 0x0000000701affef8, 0x0000000701b00000| 99%| O|  |TS  0|AC  0|TAMS 0x0000000701a00000, 0x0000000701a00000|
|  27|0x0000000701b00000, 0x0000000701bffff8, 0x0000000701c00000| 99%| O|  |TS  0|AC  0|TAMS 0x0000000701b00000, 0x0000000701b00000|
|  28|0x0000000701c00000, 0x0000000701cfff80, 0x0000000701d00000| 99%| O|  |TS  0|AC  0|TAMS 0x0000000701c00000, 0x0000000701c00000|
|  29|0x0000000701d00000, 0x0000000701dffff8, 0x0000000701e00000| 99%| O|  |TS  0|AC  0|TAMS 0x0000000701d00000, 0x0000000701d00000|
|  30|0x0000000701e00000, 0x0000000701effff8, 0x0000000701f00000| 99%| O|  |TS  0|AC  0|TAMS 0x0000000701e00000, 0x0000000701e00000|
|  31|0x0000000701f00000, 0x0000000701ffff68, 0x0000000702000000| 99%| O|  |TS  0|AC  0|TAMS 0x0000000701f00000, 0x0000000701f00000|
|  32|0x0000000702000000, 0x00000007020ffff0, 0x0000000702100000| 99%| O|  |TS  0|AC  0|TAMS 0x0000000702000000, 0x0000000702000000|
|  33|0x0000000702100000, 0x00000007021fffe0, 0x0000000702200000| 99%| O|  |TS  0|AC  0|TAMS 0x0000000702100000, 0x0000000702100000|
|  34|0x0000000702200000, 0x00000007022cef20, 0x0000000702300000| 80%| O|  |TS  0|AC  0|TAMS 0x0000000702200000, 0x0000000702200000|
|  35|0x0000000702300000, 0x0000000702400000, 0x0000000702400000|100%| O|  |TS  0|AC  0|TAMS 0x0000000702300000, 0x0000000702300000|
|  36|0x0000000702400000, 0x00000007024ffff8, 0x0000000702500000| 99%| O|  |TS  0|AC  0|TAMS 0x0000000702400000, 0x0000000702400000|
|  37|0x0000000702500000, 0x0000000702600000, 0x0000000702600000|100%|HS|  |TS  0|AC  0|TAMS 0x0000000702500000, 0x0000000702500000|
|  38|0x0000000702600000, 0x0000000702700000, 0x0000000702700000|100%|HC|  |TS  0|AC  0|TAMS 0x0000000702600000, 0x0000000702600000|
|  39|0x0000000702700000, 0x0000000702800000, 0x0000000702800000|100%|HC|  |TS  0|AC  0|TAMS 0x0000000702700000, 0x0000000702700000|
|  40|0x0000000702800000, 0x0000000702900000, 0x0000000702900000|100%|HC|  |TS  0|AC  0|TAMS 0x0000000702800000, 0x0000000702800000|
|  41|0x0000000702900000, 0x0000000702a00000, 0x0000000702a00000|100%|HC|  |TS  0|AC  0|TAMS 0x0000000702900000, 0x0000000702900000|
|  42|0x0000000702a00000, 0x0000000702b00000, 0x0000000702b00000|100%|HC|  |TS  0|AC  0|TAMS 0x0000000702a00000, 0x0000000702a00000|
|  43|0x0000000702b00000, 0x0000000702c00000, 0x0000000702c00000|100%| O|  |TS  0|AC  0|TAMS 0x0000000702b00000, 0x0000000702b00000|
|  44|0x0000000702c00000, 0x0000000702cfffa0, 0x0000000702d00000| 99%| O|  |TS  0|AC  0|TAMS 0x0000000702c00000, 0x0000000702c00000|
|  45|0x0000000702d00000, 0x0000000702dffff0, 0x0000000702e00000| 99%| O|  |TS  0|AC  0|TAMS 0x0000000702d00000, 0x0000000702d00000|
|  46|0x0000000702e00000, 0x0000000702effff8, 0x0000000702f00000| 99%| O|  |TS  0|AC  0|TAMS 0x0000000702e00000, 0x0000000702e00000|
|  47|0x0000000702f00000, 0x0000000702ffffb0, 0x0000000703000000| 99%| O|  |TS  0|AC  0|TAMS 0x0000000702f00000, 0x0000000702f00000|
|  48|0x0000000703000000, 0x00000007030fed10, 0x0000000703100000| 99%| O|  |TS  0|AC  0|TAMS 0x0000000703000000, 0x0000000703000000|
|  49|0x0000000703100000, 0x00000007031ffe48, 0x0000000703200000| 99%| O|  |TS  0|AC  0|TAMS 0x0000000703100000, 0x0000000703100000|
|  50|0x0000000703200000, 0x00000007032fffe8, 0x0000000703300000| 99%| O|  |TS  0|AC  0|TAMS 0x0000000703200000, 0x0000000703200000|
|  51|0x0000000703300000, 0x00000007033ffd70, 0x0000000703400000| 99%| O|  |TS  0|AC  0|TAMS 0x0000000703300000, 0x0000000703300000|
|  52|0x0000000703400000, 0x00000007034ffff0, 0x0000000703500000| 99%| O|  |TS  0|AC  0|TAMS 0x0000000703400000, 0x0000000703400000|
|  53|0x0000000703500000, 0x00000007035ffff8, 0x0000000703600000| 99%| O|  |TS  0|AC  0|TAMS 0x0000000703500000, 0x0000000703500000|
|  54|0x0000000703600000, 0x00000007036fe9c8, 0x0000000703700000| 99%| O|  |TS  0|AC  0|TAMS 0x0000000703600000, 0x0000000703600000|
|  55|0x0000000703700000, 0x00000007037ffff0, 0x0000000703800000| 99%| O|  |TS  0|AC  0|TAMS 0x0000000703700000, 0x0000000703700000|
|  56|0x0000000703800000, 0x00000007038ffff0, 0x0000000703900000| 99%| O|  |TS  0|AC  0|TAMS 0x0000000703800000, 0x0000000703800000|
|  57|0x0000000703900000, 0x00000007039fbad8, 0x0000000703a00000| 98%| O|  |TS  0|AC  0|TAMS 0x0000000703900000, 0x0000000703900000|
|  58|0x0000000703a00000, 0x0000000703afff98, 0x0000000703b00000| 99%| O|  |TS  0|AC  0|TAMS 0x0000000703a00000, 0x0000000703a00000|
|  59|0x0000000703b00000, 0x0000000703b0f9f0, 0x0000000703c00000|  6%| O|  |TS  0|AC  0|TAMS 0x0000000703b00000, 0x0000000703b00000|
|  60|0x0000000703c00000, 0x0000000703d00000, 0x0000000703d00000|100%|HS|  |TS  0|AC  0|TAMS 0x0000000703c00000, 0x0000000703c00000|
|  61|0x0000000703d00000, 0x0000000703d00000, 0x0000000703e00000|  0%| F|  |TS  0|AC  0|TAMS 0x0000000703d00000, 0x0000000703d00000|
|  62|0x0000000703e00000, 0x0000000703f00000, 0x0000000703f00000|100%|HS|  |TS  0|AC  0|TAMS 0x0000000703e00000, 0x0000000703e00000|
|  63|0x0000000703f00000, 0x0000000704000000, 0x0000000704000000|100%|HS|  |TS  0|AC  0|TAMS 0x0000000703f00000, 0x0000000703f00000|
|  64|0x0000000704000000, 0x0000000704100000, 0x0000000704100000|100%|HC|  |TS  0|AC  0|TAMS 0x0000000704000000, 0x0000000704000000|
|  65|0x0000000704100000, 0x0000000704100000, 0x0000000704200000|  0%| F|  |TS  0|AC  0|TAMS 0x0000000704100000, 0x0000000704100000|
|  66|0x0000000704200000, 0x0000000704200000, 0x0000000704300000|  0%| F|  |TS  0|AC  0|TAMS 0x0000000704200000, 0x0000000704200000|
|  67|0x0000000704300000, 0x0000000704300000, 0x0000000704400000|  0%| F|  |TS  0|AC  0|TAMS 0x0000000704300000, 0x0000000704300000|
|  68|0x0000000704400000, 0x0000000704400000, 0x0000000704500000|  0%| F|  |TS  0|AC  0|TAMS 0x0000000704400000, 0x0000000704400000|
|  69|0x0000000704500000, 0x0000000704500000, 0x0000000704600000|  0%| F|  |TS  0|AC  0|TAMS 0x0000000704500000, 0x0000000704500000|
|  70|0x0000000704600000, 0x0000000704600000, 0x0000000704700000|  0%| F|  |TS  0|AC  0|TAMS 0x0000000704600000, 0x0000000704600000|
|  71|0x0000000704700000, 0x0000000704700000, 0x0000000704800000|  0%| F|  |TS  0|AC  0|TAMS 0x0000000704700000, 0x0000000704700000|
|  72|0x0000000704800000, 0x0000000704800000, 0x0000000704900000|  0%| F|  |TS  0|AC  0|TAMS 0x0000000704800000, 0x0000000704800000|
|  73|0x0000000704900000, 0x0000000704900000, 0x0000000704a00000|  0%| F|  |TS  0|AC  0|TAMS 0x0000000704900000, 0x0000000704900000|
|  74|0x0000000704a00000, 0x0000000704a00000, 0x0000000704b00000|  0%| F|  |TS  0|AC  0|TAMS 0x0000000704a00000, 0x0000000704a00000|
|  75|0x0000000704b00000, 0x0000000704b00000, 0x0000000704c00000|  0%| F|  |TS  0|AC  0|TAMS 0x0000000704b00000, 0x0000000704b00000|
|  76|0x0000000704c00000, 0x0000000704c00000, 0x0000000704d00000|  0%| F|  |TS  0|AC  0|TAMS 0x0000000704c00000, 0x0000000704c00000|
|  77|0x0000000704d00000, 0x0000000704d00000, 0x0000000704e00000|  0%| F|  |TS  0|AC  0|TAMS 0x0000000704d00000, 0x0000000704d00000|
|  78|0x0000000704e00000, 0x0000000704e00000, 0x0000000704f00000|  0%| F|  |TS  0|AC  0|TAMS 0x0000000704e00000, 0x0000000704e00000|
|  79|0x0000000704f00000, 0x0000000704f00000, 0x0000000705000000|  0%| F|  |TS  0|AC  0|TAMS 0x0000000704f00000, 0x0000000704f00000|
|  80|0x0000000705000000, 0x0000000705000000, 0x0000000705100000|  0%| F|  |TS  0|AC  0|TAMS 0x0000000705000000, 0x0000000705000000|
|  81|0x0000000705100000, 0x0000000705100000, 0x0000000705200000|  0%| F|  |TS  0|AC  0|TAMS 0x0000000705100000, 0x0000000705100000|
|  82|0x0000000705200000, 0x0000000705200000, 0x0000000705300000|  0%| F|  |TS  0|AC  0|TAMS 0x0000000705200000, 0x0000000705200000|
|  83|0x0000000705300000, 0x0000000705300000, 0x0000000705400000|  0%| F|  |TS  0|AC  0|TAMS 0x0000000705300000, 0x0000000705300000|
|  84|0x0000000705400000, 0x0000000705400000, 0x0000000705500000|  0%| F|  |TS  0|AC  0|TAMS 0x0000000705400000, 0x0000000705400000|
|  85|0x0000000705500000, 0x0000000705500000, 0x0000000705600000|  0%| F|  |TS  0|AC  0|TAMS 0x0000000705500000, 0x0000000705500000|
|  86|0x0000000705600000, 0x0000000705600000, 0x0000000705700000|  0%| F|  |TS  0|AC  0|TAMS 0x0000000705600000, 0x0000000705600000|
|  87|0x0000000705700000, 0x0000000705700000, 0x0000000705800000|  0%| F|  |TS  0|AC  0|TAMS 0x0000000705700000, 0x0000000705700000|
|  88|0x0000000705800000, 0x0000000705800000, 0x0000000705900000|  0%| F|  |TS  0|AC  0|TAMS 0x0000000705800000, 0x0000000705800000|
|  89|0x0000000705900000, 0x0000000705900000, 0x0000000705a00000|  0%| F|  |TS  0|AC  0|TAMS 0x0000000705900000, 0x0000000705900000|
|  90|0x0000000705a00000, 0x0000000705a00000, 0x0000000705b00000|  0%| F|  |TS  0|AC  0|TAMS 0x0000000705a00000, 0x0000000705a00000|
|  91|0x0000000705b00000, 0x0000000705b00000, 0x0000000705c00000|  0%| F|  |TS  0|AC  0|TAMS 0x0000000705b00000, 0x0000000705b00000|
|  92|0x0000000705c00000, 0x0000000705c00000, 0x0000000705d00000|  0%| F|  |TS  0|AC  0|TAMS 0x0000000705c00000, 0x0000000705c00000|
|  93|0x0000000705d00000, 0x0000000705d00000, 0x0000000705e00000|  0%| F|  |TS  0|AC  0|TAMS 0x0000000705d00000, 0x0000000705d00000|
|  94|0x0000000705e00000, 0x0000000705e00000, 0x0000000705f00000|  0%| F|  |TS  0|AC  0|TAMS 0x0000000705e00000, 0x0000000705e00000|
|  95|0x0000000705f00000, 0x0000000705f00000, 0x0000000706000000|  0%| F|  |TS  0|AC  0|TAMS 0x0000000705f00000, 0x0000000705f00000|
|  96|0x0000000706000000, 0x0000000706000000, 0x0000000706100000|  0%| F|  |TS  0|AC  0|TAMS 0x0000000706000000, 0x0000000706000000|
|  97|0x0000000706100000, 0x0000000706100000, 0x0000000706200000|  0%| F|  |TS  0|AC  0|TAMS 0x0000000706100000, 0x0000000706100000|
|  98|0x0000000706200000, 0x0000000706200000, 0x0000000706300000|  0%| F|  |TS  0|AC  0|TAMS 0x0000000706200000, 0x0000000706200000|
|  99|0x0000000706300000, 0x0000000706300000, 0x0000000706400000|  0%| F|  |TS  0|AC  0|TAMS 0x0000000706300000, 0x0000000706300000|
| 100|0x0000000706400000, 0x0000000706400000, 0x0000000706500000|  0%| F|  |TS  0|AC  0|TAMS 0x0000000706400000, 0x0000000706400000|
| 101|0x0000000706500000, 0x0000000706500000, 0x0000000706600000|  0%| F|  |TS  0|AC  0|TAMS 0x0000000706500000, 0x0000000706500000|
| 102|0x0000000706600000, 0x0000000706600000, 0x0000000706700000|  0%| F|  |TS  0|AC  0|TAMS 0x0000000706600000, 0x0000000706600000|
| 103|0x0000000706700000, 0x0000000706700000, 0x0000000706800000|  0%| F|  |TS  0|AC  0|TAMS 0x0000000706700000, 0x0000000706700000|
| 104|0x0000000706800000, 0x0000000706800000, 0x0000000706900000|  0%| F|  |TS  0|AC  0|TAMS 0x0000000706800000, 0x0000000706800000|
| 105|0x0000000706900000, 0x0000000706900000, 0x0000000706a00000|  0%| F|  |TS  0|AC  0|TAMS 0x0000000706900000, 0x0000000706900000|
| 106|0x0000000706a00000, 0x0000000706a00000, 0x0000000706b00000|  0%| F|  |TS  0|AC  0|TAMS 0x0000000706a00000, 0x0000000706a00000|
| 107|0x0000000706b00000, 0x0000000706b00000, 0x0000000706c00000|  0%| F|  |TS  0|AC  0|TAMS 0x0000000706b00000, 0x0000000706b00000|
| 108|0x0000000706c00000, 0x0000000706c00000, 0x0000000706d00000|  0%| F|  |TS  0|AC  0|TAMS 0x0000000706c00000, 0x0000000706c00000|
| 109|0x0000000706d00000, 0x0000000706d00000, 0x0000000706e00000|  0%| F|  |TS  0|AC  0|TAMS 0x0000000706d00000, 0x0000000706d00000|
| 110|0x0000000706e00000, 0x0000000706e00000, 0x0000000706f00000|  0%| F|  |TS  0|AC  0|TAMS 0x0000000706e00000, 0x0000000706e00000|
| 111|0x0000000706f00000, 0x0000000706f00000, 0x0000000707000000|  0%| F|  |TS  0|AC  0|TAMS 0x0000000706f00000, 0x0000000706f00000|
| 112|0x0000000707000000, 0x0000000707000000, 0x0000000707100000|  0%| F|  |TS  0|AC  0|TAMS 0x0000000707000000, 0x0000000707000000|
| 113|0x0000000707100000, 0x0000000707100000, 0x0000000707200000|  0%| F|  |TS  0|AC  0|TAMS 0x0000000707100000, 0x0000000707100000|
| 114|0x0000000707200000, 0x0000000707200000, 0x0000000707300000|  0%| F|  |TS  0|AC  0|TAMS 0x0000000707200000, 0x0000000707200000|
| 115|0x0000000707300000, 0x0000000707300000, 0x0000000707400000|  0%| F|  |TS  0|AC  0|TAMS 0x0000000707300000, 0x0000000707300000|
| 116|0x0000000707400000, 0x0000000707400000, 0x0000000707500000|  0%| F|  |TS  0|AC  0|TAMS 0x0000000707400000, 0x0000000707400000|
| 117|0x0000000707500000, 0x0000000707500000, 0x0000000707600000|  0%| F|  |TS  0|AC  0|TAMS 0x0000000707500000, 0x0000000707500000|
| 118|0x0000000707600000, 0x0000000707600000, 0x0000000707700000|  0%| F|  |TS  0|AC  0|TAMS 0x0000000707600000, 0x0000000707600000|
| 119|0x0000000707700000, 0x0000000707700000, 0x0000000707800000|  0%| F|  |TS  0|AC  0|TAMS 0x0000000707700000, 0x0000000707700000|
| 120|0x0000000707800000, 0x0000000707800000, 0x0000000707900000|  0%| F|  |TS  0|AC  0|TAMS 0x0000000707800000, 0x0000000707800000|
| 121|0x0000000707900000, 0x0000000707900000, 0x0000000707a00000|  0%| F|  |TS  0|AC  0|TAMS 0x0000000707900000, 0x0000000707900000|
| 122|0x0000000707a00000, 0x0000000707a00000, 0x0000000707b00000|  0%| F|  |TS  0|AC  0|TAMS 0x0000000707a00000, 0x0000000707a00000|
| 123|0x0000000707b00000, 0x0000000707b00000, 0x0000000707c00000|  0%| F|  |TS  0|AC  0|TAMS 0x0000000707b00000, 0x0000000707b00000|
| 124|0x0000000707c00000, 0x0000000707c00000, 0x0000000707d00000|  0%| F|  |TS  0|AC  0|TAMS 0x0000000707c00000, 0x0000000707c00000|
| 125|0x0000000707d00000, 0x0000000707d00000, 0x0000000707e00000|  0%| F|  |TS  0|AC  0|TAMS 0x0000000707d00000, 0x0000000707d00000|
| 126|0x0000000707e00000, 0x0000000707e00000, 0x0000000707f00000|  0%| F|  |TS  0|AC  0|TAMS 0x0000000707e00000, 0x0000000707e00000|
| 127|0x0000000707f00000, 0x0000000707f00000, 0x0000000708000000|  0%| F|  |TS  0|AC  0|TAMS 0x0000000707f00000, 0x0000000707f00000|
| 128|0x0000000708000000, 0x0000000708000000, 0x0000000708100000|  0%| F|  |TS  0|AC  0|TAMS 0x0000000708000000, 0x0000000708000000|
| 129|0x0000000708100000, 0x0000000708100000, 0x0000000708200000|  0%| F|  |TS  0|AC  0|TAMS 0x0000000708100000, 0x0000000708100000|
| 130|0x0000000708200000, 0x0000000708200000, 0x0000000708300000|  0%| F|  |TS  7|AC  0|TAMS 0x0000000708200000, 0x0000000708200000|
| 131|0x0000000708300000, 0x0000000708300000, 0x0000000708400000|  0%| F|  |TS  7|AC  0|TAMS 0x0000000708300000, 0x0000000708300000|
| 132|0x0000000708400000, 0x0000000708400000, 0x0000000708500000|  0%| F|  |TS  5|AC  0|TAMS 0x0000000708400000, 0x0000000708400000|
| 133|0x0000000708500000, 0x00000007085f3198, 0x0000000708600000| 94%| S|CS|TS  7|AC  0|TAMS 0x0000000708500000, 0x0000000708500000|
| 134|0x0000000708600000, 0x0000000708600000, 0x0000000708700000|  0%| F|  |TS  7|AC  0|TAMS 0x0000000708600000, 0x0000000708600000|
| 135|0x0000000708700000, 0x0000000708700000, 0x0000000708800000|  0%| F|  |TS  7|AC  0|TAMS 0x0000000708700000, 0x0000000708700000|
| 136|0x0000000708800000, 0x0000000708800000, 0x0000000708900000|  0%| F|  |TS  7|AC  0|TAMS 0x0000000708800000, 0x0000000708800000|
| 137|0x0000000708900000, 0x0000000708900000, 0x0000000708a00000|  0%| F|  |TS  7|AC  0|TAMS 0x0000000708900000, 0x0000000708900000|
| 138|0x0000000708a00000, 0x0000000708a00000, 0x0000000708b00000|  0%| F|  |TS  7|AC  0|TAMS 0x0000000708a00000, 0x0000000708a00000|
| 139|0x0000000708b00000, 0x0000000708b00000, 0x0000000708c00000|  0%| F|  |TS  7|AC  0|TAMS 0x0000000708b00000, 0x0000000708b00000|
| 140|0x0000000708c00000, 0x0000000708c00000, 0x0000000708d00000|  0%| F|  |TS  7|AC  0|TAMS 0x0000000708c00000, 0x0000000708c00000|
| 141|0x0000000708d00000, 0x0000000708d00000, 0x0000000708e00000|  0%| F|  |TS  7|AC  0|TAMS 0x0000000708d00000, 0x0000000708d00000|
| 142|0x0000000708e00000, 0x0000000708e00000, 0x0000000708f00000|  0%| F|  |TS  7|AC  0|TAMS 0x0000000708e00000, 0x0000000708e00000|
| 143|0x0000000708f00000, 0x0000000708f00000, 0x0000000709000000|  0%| F|  |TS  7|AC  0|TAMS 0x0000000708f00000, 0x0000000708f00000|
| 144|0x0000000709000000, 0x0000000709000000, 0x0000000709100000|  0%| F|  |TS  7|AC  0|TAMS 0x0000000709000000, 0x0000000709000000|
| 145|0x0000000709100000, 0x0000000709100000, 0x0000000709200000|  0%| F|  |TS  7|AC  0|TAMS 0x0000000709100000, 0x0000000709100000|
| 146|0x0000000709200000, 0x0000000709200000, 0x0000000709300000|  0%| F|  |TS  7|AC  0|TAMS 0x0000000709200000, 0x0000000709200000|
| 147|0x0000000709300000, 0x0000000709300000, 0x0000000709400000|  0%| F|  |TS  7|AC  0|TAMS 0x0000000709300000, 0x0000000709300000|
| 148|0x0000000709400000, 0x0000000709400000, 0x0000000709500000|  0%| F|  |TS  7|AC  0|TAMS 0x0000000709400000, 0x0000000709400000|
| 149|0x0000000709500000, 0x0000000709500000, 0x0000000709600000|  0%| F|  |TS  7|AC  0|TAMS 0x0000000709500000, 0x0000000709500000|
| 150|0x0000000709600000, 0x0000000709600000, 0x0000000709700000|  0%| F|  |TS  7|AC  0|TAMS 0x0000000709600000, 0x0000000709600000|
| 151|0x0000000709700000, 0x000000070979e098, 0x0000000709800000| 61%| E|  |TS  7|AC  0|TAMS 0x0000000709700000, 0x0000000709700000|
| 152|0x0000000709800000, 0x0000000709900000, 0x0000000709900000|100%| E|CS|TS  7|AC  0|TAMS 0x0000000709800000, 0x0000000709800000|
| 153|0x0000000709900000, 0x0000000709a00000, 0x0000000709a00000|100%| E|CS|TS  7|AC  0|TAMS 0x0000000709900000, 0x0000000709900000|
| 154|0x0000000709a00000, 0x0000000709b00000, 0x0000000709b00000|100%| E|CS|TS  7|AC  0|TAMS 0x0000000709a00000, 0x0000000709a00000|
| 155|0x0000000709b00000, 0x0000000709c00000, 0x0000000709c00000|100%| E|CS|TS  7|AC  0|TAMS 0x0000000709b00000, 0x0000000709b00000|
| 156|0x0000000709c00000, 0x0000000709d00000, 0x0000000709d00000|100%| E|CS|TS  7|AC  0|TAMS 0x0000000709c00000, 0x0000000709c00000|
| 157|0x0000000709d00000, 0x0000000709e00000, 0x0000000709e00000|100%| E|CS|TS  7|AC  0|TAMS 0x0000000709d00000, 0x0000000709d00000|
| 158|0x0000000709e00000, 0x0000000709f00000, 0x0000000709f00000|100%| E|CS|TS  7|AC  0|TAMS 0x0000000709e00000, 0x0000000709e00000|
| 159|0x0000000709f00000, 0x000000070a000000, 0x000000070a000000|100%| E|CS|TS  7|AC  0|TAMS 0x0000000709f00000, 0x0000000709f00000|
| 160|0x000000070a000000, 0x000000070a100000, 0x000000070a100000|100%| E|CS|TS  7|AC  0|TAMS 0x000000070a000000, 0x000000070a000000|
| 161|0x000000070a100000, 0x000000070a200000, 0x000000070a200000|100%| E|CS|TS  7|AC  0|TAMS 0x000000070a100000, 0x000000070a100000|
| 162|0x000000070a200000, 0x000000070a300000, 0x000000070a300000|100%| E|CS|TS  7|AC  0|TAMS 0x000000070a200000, 0x000000070a200000|
| 163|0x000000070a300000, 0x000000070a400000, 0x000000070a400000|100%| E|CS|TS  7|AC  0|TAMS 0x000000070a300000, 0x000000070a300000|
| 164|0x000000070a400000, 0x000000070a500000, 0x000000070a500000|100%| E|CS|TS  7|AC  0|TAMS 0x000000070a400000, 0x000000070a400000|
| 165|0x000000070a500000, 0x000000070a600000, 0x000000070a600000|100%| E|CS|TS  7|AC  0|TAMS 0x000000070a500000, 0x000000070a500000|
| 166|0x000000070a600000, 0x000000070a700000, 0x000000070a700000|100%| E|CS|TS  7|AC  0|TAMS 0x000000070a600000, 0x000000070a600000|
| 167|0x000000070a700000, 0x000000070a800000, 0x000000070a800000|100%| E|CS|TS  7|AC  0|TAMS 0x000000070a700000, 0x000000070a700000|
| 168|0x000000070a800000, 0x000000070a900000, 0x000000070a900000|100%| E|CS|TS  7|AC  0|TAMS 0x000000070a800000, 0x000000070a800000|
| 169|0x000000070a900000, 0x000000070aa00000, 0x000000070aa00000|100%| E|CS|TS  7|AC  0|TAMS 0x000000070a900000, 0x000000070a900000|
| 170|0x000000070aa00000, 0x000000070ab00000, 0x000000070ab00000|100%| E|CS|TS  7|AC  0|TAMS 0x000000070aa00000, 0x000000070aa00000|
| 171|0x000000070ab00000, 0x000000070ac00000, 0x000000070ac00000|100%| E|CS|TS  7|AC  0|TAMS 0x000000070ab00000, 0x000000070ab00000|
| 172|0x000000070ac00000, 0x000000070ad00000, 0x000000070ad00000|100%| E|CS|TS  7|AC  0|TAMS 0x000000070ac00000, 0x000000070ac00000|
| 173|0x000000070ad00000, 0x000000070ae00000, 0x000000070ae00000|100%| E|CS|TS  7|AC  0|TAMS 0x000000070ad00000, 0x000000070ad00000|
| 174|0x000000070ae00000, 0x000000070af00000, 0x000000070af00000|100%| E|CS|TS  7|AC  0|TAMS 0x000000070ae00000, 0x000000070ae00000|
| 175|0x000000070af00000, 0x000000070b000000, 0x000000070b000000|100%| E|CS|TS  7|AC  0|TAMS 0x000000070af00000, 0x000000070af00000|
| 176|0x000000070b000000, 0x000000070b100000, 0x000000070b100000|100%| E|CS|TS  7|AC  0|TAMS 0x000000070b000000, 0x000000070b000000|
| 177|0x000000070b100000, 0x000000070b200000, 0x000000070b200000|100%| E|CS|TS  7|AC  0|TAMS 0x000000070b100000, 0x000000070b100000|
| 178|0x000000070b200000, 0x000000070b300000, 0x000000070b300000|100%| E|CS|TS  7|AC  0|TAMS 0x000000070b200000, 0x000000070b200000|
| 179|0x000000070b300000, 0x000000070b400000, 0x000000070b400000|100%| E|CS|TS  7|AC  0|TAMS 0x000000070b300000, 0x000000070b300000|
| 180|0x000000070b400000, 0x000000070b500000, 0x000000070b500000|100%| E|CS|TS  7|AC  0|TAMS 0x000000070b400000, 0x000000070b400000|
| 181|0x000000070b500000, 0x000000070b600000, 0x000000070b600000|100%| E|CS|TS  7|AC  0|TAMS 0x000000070b500000, 0x000000070b500000|
| 182|0x000000070b600000, 0x000000070b700000, 0x000000070b700000|100%| E|CS|TS  7|AC  0|TAMS 0x000000070b600000, 0x000000070b600000|
| 183|0x000000070b700000, 0x000000070b800000, 0x000000070b800000|100%| E|CS|TS  7|AC  0|TAMS 0x000000070b700000, 0x000000070b700000|
| 184|0x000000070b800000, 0x000000070b900000, 0x000000070b900000|100%| E|CS|TS  7|AC  0|TAMS 0x000000070b800000, 0x000000070b800000|
| 185|0x000000070b900000, 0x000000070ba00000, 0x000000070ba00000|100%| E|CS|TS  7|AC  0|TAMS 0x000000070b900000, 0x000000070b900000|
| 186|0x000000070ba00000, 0x000000070bb00000, 0x000000070bb00000|100%| E|CS|TS  7|AC  0|TAMS 0x000000070ba00000, 0x000000070ba00000|
| 187|0x000000070bb00000, 0x000000070bc00000, 0x000000070bc00000|100%| E|CS|TS  7|AC  0|TAMS 0x000000070bb00000, 0x000000070bb00000|
| 188|0x000000070bc00000, 0x000000070bd00000, 0x000000070bd00000|100%| E|CS|TS  7|AC  0|TAMS 0x000000070bc00000, 0x000000070bc00000|
| 189|0x000000070bd00000, 0x000000070be00000, 0x000000070be00000|100%| E|CS|TS  7|AC  0|TAMS 0x000000070bd00000, 0x000000070bd00000|
| 190|0x000000070be00000, 0x000000070bf00000, 0x000000070bf00000|100%| E|CS|TS  7|AC  0|TAMS 0x000000070be00000, 0x000000070be00000|
| 191|0x000000070bf00000, 0x000000070c000000, 0x000000070c000000|100%| E|CS|TS  7|AC  0|TAMS 0x000000070bf00000, 0x000000070bf00000|

Card table byte_map: [0x0000021a4bb20000,0x0000021a4c120000] byte_map_base: 0x0000021a48320000

Marking Bits (Prev, Next): (CMBitMap*) 0x0000021a32e6f9c0, (CMBitMap*) 0x0000021a32e6f9f8
 Prev Bits: [0x0000021a4c720000, 0x0000021a4f720000)
 Next Bits: [0x0000021a4f720000, 0x0000021a52720000)

Polling page: 0x0000021a2cca0000

CodeHeap 'non-profiled nmethods': size=120064Kb used=24033Kb max_used=24053Kb free=96031Kb
 bounds [0x0000021a438d0000, 0x0000021a45060000, 0x0000021a4ae10000]
CodeHeap 'profiled nmethods': size=120000Kb used=39684Kb max_used=44025Kb free=80315Kb
 bounds [0x0000021a3c3a0000, 0x0000021a3ef20000, 0x0000021a438d0000]
CodeHeap 'non-nmethods': size=5696Kb used=1785Kb max_used=1873Kb free=3910Kb
 bounds [0x0000021a3be10000, 0x0000021a3c080000, 0x0000021a3c3a0000]
 total_blobs=36001 nmethods=17833 adapters=1110
 compilation: enabled

Compilation events (10 events):
Event: 15740.505 Thread 0x0000021a34096000 24097       1       java.awt.geom.Line2D$Float::getX1 (6 bytes)
Event: 15740.505 Thread 0x0000021a34096000 nmethod 24097 0x0000021a44f05690 code [0x0000021a44f05840, 0x0000021a44f05958]
Event: 15740.505 Thread 0x0000021a34096000 24098       1       java.awt.geom.Line2D$Float::getY1 (6 bytes)
Event: 15740.505 Thread 0x0000021a34096000 nmethod 24098 0x0000021a44f35390 code [0x0000021a44f35540, 0x0000021a44f35658]
Event: 15741.486 Thread 0x0000021a32c2b000 24099   !   4       java.awt.BorderLayout::addLayoutComponent (53 bytes)
Event: 15741.499 Thread 0x0000021a32c2b000 nmethod 24099 0x0000021a44f33e90 code [0x0000021a44f340a0, 0x0000021a44f35120]
Event: 15741.558 Thread 0x0000021a32c2a800 24100       4       javax.swing.plaf.basic.BasicInternalFrameUI$Handler::propertyChange (514 bytes)
Event: 15741.561 Thread 0x0000021a32c2a800 nmethod 24100 0x0000021a44f33790 code [0x0000021a44f33960, 0x0000021a44f33b78]
Event: 15741.563 Thread 0x0000021a32c2b000 24101       4       javax.swing.plaf.synth.SynthInternalFrameUI::propertyChange (81 bytes)
Event: 15741.564 Thread 0x0000021a32c2b000 nmethod 24101 0x0000021a44f33210 code [0x0000021a44f333c0, 0x0000021a44f33548]

GC Heap History (10 events):
Event: 15623.139 GC heap before
{Heap before GC invocations=886 (full 536):
 garbage-first heap   total 196608K, used 65919K [0x0000000700000000, 0x0000000700100600, 0x00000007c0000000)
  region size 1024K, 3 young (3072K), 0 survivors (0K)
 Metaspace       used 80660K, capacity 83306K, committed 86960K, reserved 1124352K
  class space    used 10413K, capacity 10939K, committed 11696K, reserved 1048576K
}
Event: 15623.325 GC heap after
{Heap after GC invocations=887 (full 537):
 garbage-first heap   total 196608K, used 63882K [0x0000000700000000, 0x0000000700100600, 0x00000007c0000000)
  region size 1024K, 0 young (0K), 0 survivors (0K)
 Metaspace       used 80660K, capacity 83306K, committed 86960K, reserved 1124352K
  class space    used 10413K, capacity 10939K, committed 11696K, reserved 1048576K
}
Event: 15671.227 GC heap before
{Heap before GC invocations=887 (full 537):
 garbage-first heap   total 196608K, used 125322K [0x0000000700000000, 0x0000000700100600, 0x00000007c0000000)
  region size 1024K, 60 young (61440K), 0 survivors (0K)
 Metaspace       used 80660K, capacity 83306K, committed 86960K, reserved 1124352K
  class space    used 10413K, capacity 10939K, committed 11696K, reserved 1048576K
}
Event: 15671.234 GC heap after
{Heap after GC invocations=888 (full 537):
 garbage-first heap   total 196608K, used 64387K [0x0000000700000000, 0x0000000700100600, 0x00000007c0000000)
  region size 1024K, 1 young (1024K), 1 survivors (1024K)
 Metaspace       used 80660K, capacity 83306K, committed 86960K, reserved 1124352K
  class space    used 10413K, capacity 10939K, committed 11696K, reserved 1048576K
}
Event: 15736.597 GC heap before
{Heap before GC invocations=888 (full 537):
 garbage-first heap   total 196608K, used 124803K [0x0000000700000000, 0x0000000700100600, 0x00000007c0000000)
  region size 1024K, 60 young (61440K), 1 survivors (1024K)
 Metaspace       used 80660K, capacity 83306K, committed 86960K, reserved 1124352K
  class space    used 10413K, capacity 10939K, committed 11696K, reserved 1048576K
}
Event: 15736.606 GC heap after
{Heap after GC invocations=889 (full 537):
 garbage-first heap   total 196608K, used 64441K [0x0000000700000000, 0x0000000700100600, 0x00000007c0000000)
  region size 1024K, 1 young (1024K), 1 survivors (1024K)
 Metaspace       used 80660K, capacity 83306K, committed 86960K, reserved 1124352K
  class space    used 10413K, capacity 10939K, committed 11696K, reserved 1048576K
}
Event: 15737.777 GC heap before
{Heap before GC invocations=889 (full 537):
 garbage-first heap   total 196608K, used 124857K [0x0000000700000000, 0x0000000700100600, 0x00000007c0000000)
  region size 1024K, 60 young (61440K), 1 survivors (1024K)
 Metaspace       used 80662K, capacity 83306K, committed 86960K, reserved 1124352K
  class space    used 10413K, capacity 10939K, committed 11696K, reserved 1048576K
}
Event: 15737.782 GC heap after
{Heap after GC invocations=890 (full 537):
 garbage-first heap   total 196608K, used 65032K [0x0000000700000000, 0x0000000700100600, 0x00000007c0000000)
  region size 1024K, 2 young (2048K), 2 survivors (2048K)
 Metaspace       used 80662K, capacity 83306K, committed 86960K, reserved 1124352K
  class space    used 10413K, capacity 10939K, committed 11696K, reserved 1048576K
}
Event: 15741.514 GC heap before
{Heap before GC invocations=890 (full 537):
 garbage-first heap   total 196608K, used 124424K [0x0000000700000000, 0x0000000700100600, 0x00000007c0000000)
  region size 1024K, 60 young (61440K), 2 survivors (2048K)
 Metaspace       used 80662K, capacity 83306K, committed 86960K, reserved 1124352K
  class space    used 10413K, capacity 10939K, committed 11696K, reserved 1048576K
}
Event: 15741.520 GC heap after
{Heap after GC invocations=891 (full 537):
 garbage-first heap   total 196608K, used 64855K [0x0000000700000000, 0x0000000700100600, 0x00000007c0000000)
  region size 1024K, 1 young (1024K), 1 survivors (1024K)
 Metaspace       used 80662K, capacity 83306K, committed 86960K, reserved 1124352K
  class space    used 10413K, capacity 10939K, committed 11696K, reserved 1048576K
}

Deoptimization events (10 events):
Event: 15589.065 Thread 0x0000021a56597800 Uncommon trap: reason=unstable_if action=reinterpret pc=0x0000021a4453eda8 method=javax.swing.text.AbstractDocument$BranchElement.getElementIndex(I)I @ 33 c2
Event: 15589.065 Thread 0x0000021a56597800 Uncommon trap: reason=unstable_if action=reinterpret pc=0x0000021a44894910 method=javax.swing.text.AbstractDocument$BranchElement.getElementIndex(I)I @ 33 c2
Event: 15589.066 Thread 0x0000021a56597800 Uncommon trap: reason=unstable_if action=reinterpret pc=0x0000021a440c80ac method=javax.swing.text.AbstractDocument$BranchElement.getElementIndex(I)I @ 33 c2
Event: 15589.233 Thread 0x0000021a56597800 Uncommon trap: reason=class_check action=maybe_recompile pc=0x0000021a44e7bcac method=java.awt.Component.processEvent(Ljava/awt/AWTEvent;)V @ 121 c2
Event: 15589.430 Thread 0x0000021a56597800 Uncommon trap: reason=unstable_if action=reinterpret pc=0x0000021a4502248c method=com.jidesoft.editor.CodeEditorPainter.paintLine(Ljava/awt/Graphics;Lcom/jidesoft/editor/tokenmarker/TokenMarker;IILcom/jidesoft/editor/caret/CaretPosition;Lcom/jidesoft/edit
Event: 15589.540 Thread 0x0000021a56597800 Uncommon trap: reason=unstable_if action=reinterpret pc=0x0000021a4472dad8 method=java.awt.Component.getLocationOnScreen_NoTreeLock()Ljava/awt/Point; @ 11 c2
Event: 15589.907 Thread 0x0000021a56597800 Uncommon trap: reason=bimorphic_or_optimized_type_check action=maybe_recompile pc=0x0000021a4483cff0 method=ui.utils.o.aa.a(Ljavax/swing/JComponent;Ljava/lang/String;II)V @ 30 c2
Event: 15589.915 Thread 0x0000021a56597800 Uncommon trap: reason=bimorphic_or_optimized_type_check action=maybe_recompile pc=0x0000021a4483cff0 method=ui.utils.o.aa.a(Ljavax/swing/JComponent;Ljava/lang/String;II)V @ 30 c2
Event: 15589.954 Thread 0x0000021a56597800 Uncommon trap: reason=bimorphic_or_optimized_type_check action=maybe_recompile pc=0x0000021a4483cff0 method=ui.utils.o.aa.a(Ljavax/swing/JComponent;Ljava/lang/String;II)V @ 30 c2
Event: 15589.963 Thread 0x0000021a56597800 Uncommon trap: reason=bimorphic_or_optimized_type_check action=maybe_recompile pc=0x0000021a4483cff0 method=ui.utils.o.aa.a(Ljavax/swing/JComponent;Ljava/lang/String;II)V @ 30 c2

Classes redefined (0 events):
No events

Internal exceptions (10 events):
Event: 14712.164 Thread 0x0000021a56597800 Exception <a 'java/lang/NoSuchMethodError'{0x000000070966e688}: java.lang.invoke.DirectMethodHandle$Holder.invokeStatic(Ljava/lang/Object;Ljava/lang/Object;IILjava/lang/Object;)Ljava/lang/Object;> (0x000000070966e688) thrown at [t:/workspace/hotspot/src/s
Event: 14712.164 Thread 0x0000021a56597800 Exception <a 'java/lang/NoSuchMethodError'{0x0000000709672338}: java.lang.invoke.DirectMethodHandle$Holder.invokeSpecial(Ljava/lang/Object;Ljava/lang/Object;Ljava/lang/Object;IILjava/lang/Object;)Ljava/lang/Object;> (0x0000000709672338) thrown at [t:/work
Event: 14845.666 Thread 0x0000021a56597800 Exception <a 'java/lang/ClassCastException'{0x000000070aa83480}: ui.views.O.f.e cannot be cast to java.base/java.lang.String> (0x000000070aa83480) thrown at [t:/workspace/hotspot/src/share/vm/interpreter/interpreterRuntime.cpp, line 380]
Event: 14845.666 Thread 0x0000021a56597800 Exception <a 'java/lang/ClassCastException'{0x000000070aa85c50}: ui.views.O.f.e cannot be cast to java.base/java.lang.String> (0x000000070aa85c50) thrown at [t:/workspace/hotspot/src/share/vm/interpreter/interpreterRuntime.cpp, line 380]
Event: 14877.684 Thread 0x0000021a56597800 Exception <a 'java/lang/ClassCastException'{0x00000007095a7d50}: ui.views.O.f.e cannot be cast to java.base/java.lang.String> (0x00000007095a7d50) thrown at [t:/workspace/hotspot/src/share/vm/interpreter/interpreterRuntime.cpp, line 380]
Event: 14877.685 Thread 0x0000021a56597800 Exception <a 'java/lang/ClassCastException'{0x00000007095b2210}: ui.views.O.f.e cannot be cast to java.base/java.lang.String> (0x00000007095b2210) thrown at [t:/workspace/hotspot/src/share/vm/interpreter/interpreterRuntime.cpp, line 380]
Event: 14907.448 Thread 0x0000021a56597800 Exception <a 'java/lang/ClassCastException'{0x000000070b496340}: ui.views.O.f.e cannot be cast to java.base/java.lang.String> (0x000000070b496340) thrown at [t:/workspace/hotspot/src/share/vm/interpreter/interpreterRuntime.cpp, line 380]
Event: 14907.448 Thread 0x0000021a56597800 Exception <a 'java/lang/ClassCastException'{0x000000070b4969b8}: ui.views.O.f.e cannot be cast to java.base/java.lang.String> (0x000000070b4969b8) thrown at [t:/workspace/hotspot/src/share/vm/interpreter/interpreterRuntime.cpp, line 380]
Event: 14909.538 Thread 0x0000021a56597800 Exception <a 'java/lang/NoSuchMethodError'{0x000000070aef1c58}: java.lang.invoke.DelegatingMethodHandle$Holder.reinvoke_L(Ljava/lang/Object;IILjava/lang/Object;Ljava/lang/Object;Ljava/lang/Object;Ljava/lang/Object;)Ljava/lang/Object;> (0x000000070aef1c58)
Event: 15589.570 Thread 0x0000021a56597800 Exception <a 'java/awt/IllegalComponentStateException'{0x000000070a176df8}> (0x000000070a176df8) thrown at [t:/workspace/hotspot/src/share/vm/prims/jvm.cpp, line 1314]

Events (10 events):
Event: 15740.115 Executing VM operation: RevokeBias
Event: 15740.115 Executing VM operation: RevokeBias done
Event: 15740.122 Executing VM operation: RevokeBias
Event: 15740.122 Executing VM operation: RevokeBias done
Event: 15740.806 Thread 0x0000021a5e98b000 Thread added: 0x0000021a5e98b000
Event: 15740.809 Thread 0x0000021a5e98b000 Thread exited: 0x0000021a5e98b000
Event: 15741.514 Executing VM operation: G1IncCollectionPause
Event: 15741.520 Executing VM operation: G1IncCollectionPause done
Event: 15741.807 Thread 0x0000021a5e98c800 Thread added: 0x0000021a5e98c800
Event: 15741.810 Thread 0x0000021a5e98c800 Thread exited: 0x0000021a5e98c800


Dynamic libraries:
0x00007ff71bf90000 - 0x00007ff71bfc0000 	D:\Xilinx\Vivado\2018.3\bin\unwrapped\win64.o\vivado.exe
0x00007ffc1d130000 - 0x00007ffc1d324000 	C:\WINDOWS\SYSTEM32\ntdll.dll
0x00007ffc1cef0000 - 0x00007ffc1cfad000 	C:\WINDOWS\System32\KERNEL32.DLL
0x00007ffc1a9d0000 - 0x00007ffc1ac91000 	C:\WINDOWS\System32\KERNELBASE.dll
0x00007ffc18380000 - 0x00007ffc18410000 	C:\WINDOWS\SYSTEM32\apphelp.dll
0x00007ffc1b0e0000 - 0x00007ffc1b1df000 	C:\WINDOWS\System32\ucrtbase.dll
0x00007ffc0de20000 - 0x00007ffc0debb000 	C:\WINDOWS\SYSTEM32\MSVCP140.dll
0x00007ffc112c0000 - 0x00007ffc112d6000 	C:\WINDOWS\SYSTEM32\VCRUNTIME140.dll
0x00007ffc10b50000 - 0x00007ffc10b64000 	D:\Xilinx\Vivado\2018.3\lib\win64.o\librdi_commonmain.dll
0x00007ffc0f770000 - 0x00007ffc0f784000 	D:\Xilinx\Vivado\2018.3\lib\win64.o\libboost_signals.dll
0x00007ffc14310000 - 0x00007ffc1431a000 	D:\Xilinx\Vivado\2018.3\lib\win64.o\librdi_commonversion.dll
0x00007ffc046d0000 - 0x00007ffc046f6000 	D:\Xilinx\Vivado\2018.3\lib\win64.o\libboost_filesystem.dll
0x00007ffc1cc50000 - 0x00007ffc1ccfa000 	C:\WINDOWS\System32\ADVAPI32.dll
0x00007ffc1b430000 - 0x00007ffc1b4ce000 	C:\WINDOWS\System32\msvcrt.dll
0x00007ffc1b1e0000 - 0x00007ffc1b27b000 	C:\WINDOWS\System32\sechost.dll
0x00007ffc1cd00000 - 0x00007ffc1ce20000 	C:\WINDOWS\System32\RPCRT4.dll
0x0000000069ec0000 - 0x0000000069feb000 	D:\Xilinx\Vivado\2018.3\lib\win64.o\tcl85t.dll
0x00007ffc1b290000 - 0x00007ffc1b42f000 	C:\WINDOWS\System32\USER32.dll
0x00007ffc1aee0000 - 0x00007ffc1af02000 	C:\WINDOWS\System32\win32u.dll
0x00007ffc1ce20000 - 0x00007ffc1ce4a000 	C:\WINDOWS\System32\GDI32.dll
0x00007ffc1a8c0000 - 0x00007ffc1a9ca000 	C:\WINDOWS\System32\gdi32full.dll
0x00007ffc1b040000 - 0x00007ffc1b0dd000 	C:\WINDOWS\System32\msvcp_win.dll
0x00007ffc1c520000 - 0x00007ffc1c58b000 	C:\WINDOWS\System32\WS2_32.dll
0x00007ffbe7c20000 - 0x00007ffbe7d41000 	D:\Xilinx\Vivado\2018.3\lib\win64.o\librdi_commonxillic.dll
0x00007ffc142e0000 - 0x00007ffc142eb000 	D:\Xilinx\Vivado\2018.3\lib\win64.o\libboost_system.dll
0x00007ffbb7a70000 - 0x00007ffbb8904000 	D:\Xilinx\Vivado\2018.3\lib\win64.o\librdi_common.dll
0x00007ffc1bdd0000 - 0x00007ffc1c4e8000 	C:\WINDOWS\System32\SHELL32.dll
0x00007ffbe78b0000 - 0x00007ffbe7c1e000 	D:\Xilinx\Vivado\2018.3\lib\win64.o\libCOIN-all.dll
0x00007ffbe7790000 - 0x00007ffbe78a4000 	D:\Xilinx\Vivado\2018.3\lib\win64.o\libboost_regex.dll
0x00007ffc03e30000 - 0x00007ffc03e44000 	D:\Xilinx\Vivado\2018.3\lib\win64.o\libboost_date_time.dll
0x00007ffbe7190000 - 0x00007ffbe7445000 	D:\Xilinx\Vivado\2018.3\lib\win64.o\libXil_lmgr11.dll
0x00007ffc1b8a0000 - 0x00007ffc1b97a000 	C:\WINDOWS\System32\COMDLG32.dll
0x00007ffc1b4d0000 - 0x00007ffc1b81f000 	C:\WINDOWS\System32\combase.dll
0x00007ffc1bb70000 - 0x00007ffc1bc1e000 	C:\WINDOWS\System32\shcore.dll
0x00007ffc1ce50000 - 0x00007ffc1cea5000 	C:\WINDOWS\System32\SHLWAPI.dll
0x00007ffc1baa0000 - 0x00007ffc1bb6c000 	C:\WINDOWS\System32\OLEAUT32.dll
0x00007ffc1ca00000 - 0x00007ffc1cb29000 	C:\WINDOWS\System32\ole32.dll
0x00007ffc1afe0000 - 0x00007ffc1b040000 	C:\WINDOWS\System32\WINTRUST.dll
0x00007ffc1ad80000 - 0x00007ffc1aed6000 	C:\WINDOWS\System32\CRYPT32.dll
0x00007ffbfd670000 - 0x00007ffbfd6ef000 	D:\Xilinx\Vivado\2018.3\lib\win64.o\libboost_program_options.dll
0x00007ffc03940000 - 0x00007ffc03961000 	D:\Xilinx\Vivado\2018.3\lib\win64.o\libboost_thread.dll
0x00007ffc13800000 - 0x00007ffc1380f000 	D:\Xilinx\Vivado\2018.3\lib\win64.o\libboost_xilinx.dll
0x00007ffc01980000 - 0x00007ffc019ae000 	D:\Xilinx\Vivado\2018.3\lib\win64.o\libisl_sysinfo.dll
0x00007ffbf4190000 - 0x00007ffbf4235000 	D:\Xilinx\Vivado\2018.3\lib\win64.o\libhdxml.dll
0x00007ffbfc1f0000 - 0x00007ffbfc272000 	D:\Xilinx\Vivado\2018.3\lib\win64.o\libhdlpsolve.dll
0x00007ffc02f80000 - 0x00007ffc02f9c000 	D:\Xilinx\Vivado\2018.3\lib\win64.o\librdiconfig.dll
0x00007ffc026b0000 - 0x00007ffc026ca000 	D:\Xilinx\Vivado\2018.3\lib\win64.o\pthreadVC2.dll
0x00007ffbfded0000 - 0x00007ffbfdef1000 	D:\Xilinx\Vivado\2018.3\lib\win64.o\librdizlib.dll
0x00007ffc14970000 - 0x00007ffc14988000 	C:\WINDOWS\SYSTEM32\NETAPI32.dll
0x00007ffbf7340000 - 0x00007ffbf7818000 	C:\WINDOWS\SYSTEM32\WININET.dll
0x00007ffc13ad0000 - 0x00007ffc13bd0000 	C:\WINDOWS\SYSTEM32\WINHTTP.dll
0x00007ffc032c0000 - 0x00007ffc034ac000 	C:\WINDOWS\SYSTEM32\urlmon.dll
0x00007ffbf3cf0000 - 0x00007ffbf3d55000 	D:\Xilinx\Vivado\2018.3\lib\win64.o\liblmx6.0.dll
0x00007ffc13770000 - 0x00007ffc13779000 	C:\WINDOWS\SYSTEM32\WSOCK32.dll
0x00007ffbfd7f0000 - 0x00007ffbfd818000 	C:\WINDOWS\SYSTEM32\VCOMP140.DLL
0x00007ffbfe890000 - 0x00007ffbfe940000 	C:\WINDOWS\WinSxS\amd64_microsoft.windows.common-controls_6595b64144ccf1df_5.82.18985.1_none_4812392d423e9659\COMCTL32.dll
0x00007ffc11630000 - 0x00007ffc1164d000 	C:\WINDOWS\SYSTEM32\dhcpcsvc.DLL
0x00007ffc13730000 - 0x00007ffc1373d000 	D:\Xilinx\Vivado\2018.3\lib\win64.o\libboost_chrono.dll
0x00007ffc133d0000 - 0x00007ffc1367d000 	C:\WINDOWS\SYSTEM32\iertutil.dll
0x0000000012000000 - 0x0000000012272000 	D:\Xilinx\Vivado\2018.3\lib\win64.o\xerces-c_3_1.dll
0x00007ffbb5e10000 - 0x00007ffbb6ca1000 	D:\Xilinx\Vivado\2018.3\lib\win64.o\gurobi65.dll
0x00007ffbb55c0000 - 0x00007ffbb5e0e600 	D:\Xilinx\Vivado\2018.3\lib\win64.o\libisl_iostreams.dll
0x00007ffc14360000 - 0x00007ffc1437b000 	D:\Xilinx\Vivado\2018.3\lib\win64.o\libboost_iostreams.dll
0x00007ffc14330000 - 0x00007ffc14355000 	D:\Xilinx\Vivado\2018.3\lib\win64.o\libisl_iosutils.dll
0x00007ffc19dc0000 - 0x00007ffc19dcc000 	C:\WINDOWS\SYSTEM32\NETUTILS.DLL
0x00007ffc1ceb0000 - 0x00007ffc1cee0000 	C:\WINDOWS\System32\IMM32.DLL
0x00007ffc1a3e0000 - 0x00007ffc1a3f2000 	C:\WINDOWS\SYSTEM32\MSASN1.dll
0x00007ffc1a6b0000 - 0x00007ffc1a6c3000 	C:\WINDOWS\SYSTEM32\kernel.appcore.dll
0x00007ffbb50c0000 - 0x00007ffbb55b5000 	D:\Xilinx\Vivado\2018.3\lib\win64.o\librdi_commontasks.dll
0x00007ffc13c20000 - 0x00007ffc13c2a000 	C:\WINDOWS\SYSTEM32\VERSION.dll
0x00007ffbc5ed0000 - 0x00007ffbc614f000 	D:\Xilinx\Vivado\2018.3\lib\win64.o\librdi_sio.dll
0x00007ffc19cb0000 - 0x00007ffc19ceb000 	C:\WINDOWS\SYSTEM32\IPHLPAPI.DLL
0x0000000069210000 - 0x0000000069c35000 	D:\Xilinx\Vivado\2018.3\tps\win64\jre9.0.4\bin\server\jvm.dll
0x00007ffc112e0000 - 0x00007ffc11307000 	C:\WINDOWS\SYSTEM32\WINMM.dll
0x00007ffc1b280000 - 0x00007ffc1b288000 	C:\WINDOWS\System32\PSAPI.DLL
0x00007ffc19f90000 - 0x00007ffc19ffb000 	C:\WINDOWS\SYSTEM32\MSWSOCK.DLL
0x00007ffc0e090000 - 0x00007ffc0e17f000 	C:\WINDOWS\SYSTEM32\MSVCR120.dll
0x00007ffc18a40000 - 0x00007ffc191c8000 	C:\WINDOWS\SYSTEM32\windows.storage.dll
0x00007ffbb2cf0000 - 0x00007ffbb50b2000 	D:\Xilinx\Vivado\2018.3\lib\win64.o\librdi_tcltasks.dll
0x00007ffbf2450000 - 0x00007ffbf24ba000 	D:\Xilinx\Vivado\2018.3\lib\win64.o\librdi_boarddep.dll
0x00007ffbe8d20000 - 0x00007ffbe8e9e000 	D:\Xilinx\Vivado\2018.3\lib\win64.o\librdi_board.dll
0x00007ffbe8c40000 - 0x00007ffbe8d1c000 	D:\Xilinx\Vivado\2018.3\lib\win64.o\librdi_chipscope.dll
0x00007ffbc5650000 - 0x00007ffbc5809000 	D:\Xilinx\Vivado\2018.3\lib\win64.o\librdi_chipscopeimpl.dll
0x00007ffbb2910000 - 0x00007ffbb2cec000 	D:\Xilinx\Vivado\2018.3\lib\win64.o\librdi_bitstream.dll
0x00007ffbe3a70000 - 0x00007ffbe3bb8000 	D:\Xilinx\Vivado\2018.3\lib\win64.o\librdi_containers.dll
0x00007ffbb2230000 - 0x00007ffbb290a000 	D:\Xilinx\Vivado\2018.3\lib\win64.o\librdi_coregenipxact.dll
0x00007ffbab290000 - 0x00007ffbacb95000 	D:\Xilinx\Vivado\2018.3\lib\win64.o\librdi_constraints.dll
0x00007ffba9470000 - 0x00007ffbab28f000 	D:\Xilinx\Vivado\2018.3\lib\win64.o\librdi_coregen.dll
0x00007ffbc3d30000 - 0x00007ffbc404b000 	D:\Xilinx\Vivado\2018.3\lib\win64.o\librdi_dlyest.dll
0x00007ffba5670000 - 0x00007ffba946b000 	D:\Xilinx\Vivado\2018.3\lib\win64.o\librdi_designutils.dll
0x00007ffbb1cd0000 - 0x00007ffbb2230000 	D:\Xilinx\Vivado\2018.3\lib\win64.o\librdi_drc.dll
0x00007ffbe70c0000 - 0x00007ffbe7182000 	D:\Xilinx\Vivado\2018.3\lib\win64.o\librdi_dsp.dll
0x00007ffb8e600000 - 0x00007ffb9f352000 	D:\Xilinx\Vivado\2018.3\lib\win64.o\librdi_device.dll
0x00007ffbf27d0000 - 0x00007ffbf282d000 	D:\Xilinx\Vivado\2018.3\lib\win64.o\librdi_hdf.dll
0x00007ffbb19f0000 - 0x00007ffbb1cca000 	D:\Xilinx\Vivado\2018.3\lib\win64.o\librdi_guitools.dll
0x00007ffbb13d0000 - 0x00007ffbb19e5000 	D:\Xilinx\Vivado\2018.3\lib\win64.o\librdi_memdata.dll
0x00007ffbf06a0000 - 0x00007ffbf0711000 	D:\Xilinx\Vivado\2018.3\lib\win64.o\librdi_memoryarray.dll
0x00007ffba42d0000 - 0x00007ffba5661000 	D:\Xilinx\Vivado\2018.3\lib\win64.o\librdi_implflow.dll
0x00007ffba3c90000 - 0x00007ffba42cf000 	D:\Xilinx\Vivado\2018.3\lib\win64.o\librdi_filemgmt.dll
0x00007ffbfd310000 - 0x00007ffbfd360000 	D:\Xilinx\Vivado\2018.3\lib\win64.o\librdi_pfi.dll
0x00007ffb8ac50000 - 0x00007ffb8e5fc000 	D:\Xilinx\Vivado\2018.3\lib\win64.o\librdi_mig.dll
0x00007ffba3650000 - 0x00007ffba3c8b000 	D:\Xilinx\Vivado\2018.3\lib\win64.o\librdi_netlist.dll
0x00007ffba2f50000 - 0x00007ffba3645000 	D:\Xilinx\Vivado\2018.3\lib\win64.o\librdi_power.dll
0x00007ffbb10c0000 - 0x00007ffbb13c7000 	D:\Xilinx\Vivado\2018.3\lib\win64.o\librdi_platform.dll
0x00007ffb88730000 - 0x00007ffb8ac44000 	D:\Xilinx\Vivado\2018.3\lib\win64.o\librdi_place.dll
0x00007ffba29f0000 - 0x00007ffba2f46000 	D:\Xilinx\Vivado\2018.3\lib\win64.o\librdi_project.dll
0x00007ffba1b10000 - 0x00007ffba2203000 	D:\Xilinx\Vivado\2018.3\lib\win64.o\librdi_psta.dll
0x00007ffba1430000 - 0x00007ffba1b09000 	D:\Xilinx\Vivado\2018.3\lib\win64.o\librdi_rsb.dll
0x00007ffba0ba0000 - 0x00007ffba0f77000 	D:\Xilinx\Vivado\2018.3\lib\win64.o\librdi_runs.dll
0x00007ffb9fe10000 - 0x00007ffba0b9d000 	D:\Xilinx\Vivado\2018.3\lib\win64.o\librdi_timing.dll
0x00007ffbc3900000 - 0x00007ffbc3a54000 	D:\Xilinx\Vivado\2018.3\lib\win64.o\librdi_advchipscopeimpl.dll
0x00007ffbfa830000 - 0x00007ffbfa87c000 	D:\Xilinx\Vivado\2018.3\lib\win64.o\libboost_serialization.dll
0x00007ffbba1d0000 - 0x00007ffbba3f8000 	D:\Xilinx\Vivado\2018.3\lib\win64.o\librdi_simdata.dll
0x00007ffbde3f0000 - 0x00007ffbde4c8000 	D:\Xilinx\Vivado\2018.3\lib\win64.o\librdi_runsbase.dll
0x00007ffbefda0000 - 0x00007ffbefe4b000 	D:\Xilinx\Vivado\2018.3\lib\win64.o\librdi_ipconfig_readwrite.dll
0x00007ffbfbcf0000 - 0x00007ffbfbd28000 	D:\Xilinx\Vivado\2018.3\lib\win64.o\librdi_noc_frameworks.dll
0x00007ffbc53c0000 - 0x00007ffbc5478000 	D:\Xilinx\Vivado\2018.3\lib\win64.o\librdi_hip_devdesign.dll
0x00007ffbb9ef0000 - 0x00007ffbb9f8e000 	D:\Xilinx\Vivado\2018.3\lib\win64.o\libise.dll
0x00007ffb9fa50000 - 0x00007ffb9fe05000 	D:\Xilinx\Vivado\2018.3\lib\win64.o\librdi_hip_config.dll
0x00007ffb9f500000 - 0x00007ffb9fa4e000 	D:\Xilinx\Vivado\2018.3\lib\win64.o\librdi_xdm.dll
0x00007ffbf4800000 - 0x00007ffbf4849000 	D:\Xilinx\Vivado\2018.3\lib\win64.o\librdi_wavedata_SimpleApi.dll
0x00007ffb87be0000 - 0x00007ffb88727000 	D:\Xilinx\Vivado\2018.3\lib\win64.o\libverific.dll
0x00007ffb84c80000 - 0x00007ffb85c82000 	D:\Xilinx\Vivado\2018.3\lib\win64.o\librdi_route.dll
0x00007ffbee8b0000 - 0x00007ffbee913000 	D:\Xilinx\Vivado\2018.3\lib\win64.o\librdi_hip_mathengine.dll
0x00007ffb84690000 - 0x00007ffb84c74000 	D:\Xilinx\Vivado\2018.3\lib\win64.o\librdi_wavedata.dll
0x00007ffb85c90000 - 0x00007ffb87bd2000 	D:\Xilinx\Vivado\2018.3\lib\win64.o\librdi_synth.dll
0x00007ffbc5c00000 - 0x00007ffbc5c88000 	D:\Xilinx\Vivado\2018.3\lib\win64.o\librdi_meir_core.dll
0x00007ffbaffb0000 - 0x00007ffbb0200000 	D:\Xilinx\Vivado\2018.3\lib\win64.o\librdi_hsm.dll

VM Arguments:
jvm_args: -Dsun.java2d.pmoffscreen=false -Dsun.java2d.xrender=false -Dsun.java2d.d3d=false -Dsun.awt.nopixfmt=true -Dsun.java2d.dpiaware=true -Dsun.java2d.uiScale.enabled=false -Xverify:none -Dswing.aatext=true -XX:-UsePerfData -Djdk.map.althashing.threshold=512 -XX:StringTableSize=4072 --add-opens=java.base/java.nio=ALL-UNNAMED --add-opens=java.desktop/sun.swing=ALL-UNNAMED --add-opens=java.desktop/javax.swing=ALL-UNNAMED --add-opens=java.desktop/javax.swing.tree=ALL-UNNAMED --add-opens=java.desktop/javax.swing.plaf.basic=ALL-UNNAMED --add-opens=java.desktop/javax.swing.plaf.synth=ALL-UNNAMED --add-opens=java.desktop/com.sun.awt=ALL-UNNAMED -XX:NewSize=60m -XX:MaxNewSize=60m -Xms128m -Xmx3072m -Xss5m 
java_command: <unknown>
java_class_path (initial): D:/Xilinx/Vivado/2018.3/patches/AR71898/vivado\lib\classes\planAhead.jar;D:/Xilinx/Vivado/2018.3\lib\classes\alloy.jar;D:/Xilinx/Vivado/2018.3\lib\classes\autopilot.scelaborator.jar;D:/Xilinx/Vivado/2018.3\lib\classes\autopilot.sourceprocessor.jar;D:/Xilinx/Vivado/2018.3\lib\classes\autopilot.tbprocessor.jar;D:/Xilinx/Vivado/2018.3\lib\classes\batik-anim.jar;D:/Xilinx/Vivado/2018.3\lib\classes\batik-awt-util.jar;D:/Xilinx/Vivado/2018.3\lib\classes\batik-bridge.jar;D:/Xilinx/Vivado/2018.3\lib\classes\batik-codec.jar;D:/Xilinx/Vivado/2018.3\lib\classes\batik-css.jar;D:/Xilinx/Vivado/2018.3\lib\classes\batik-dom.jar;D:/Xilinx/Vivado/2018.3\lib\classes\batik-ext.jar;D:/Xilinx/Vivado/2018.3\lib\classes\batik-gui-util.jar;D:/Xilinx/Vivado/2018.3\lib\classes\batik-gvt.jar;D:/Xilinx/Vivado/2018.3\lib\classes\batik-parser.jar;D:/Xilinx/Vivado/2018.3\lib\classes\batik-script.jar;D:/Xilinx/Vivado/2018.3\lib\classes\batik-svg-dom.jar;D:/Xilinx/Vivado/2018.3\lib\classes\batik-swing.jar;D:/Xilinx/Vivado/2018.3\lib\classes\batik-transcoder.jar;D:/Xilinx/Vivado/2018.3\lib\classes\batik-util.jar;D:/Xilinx/Vivado/2018.3\lib\classes\batik-xml.jar;D:/Xilinx/Vivado/2018.3\lib\classes\com.ibm.icu_4.4.2.v20110208.jar;D:/Xilinx/Vivado/2018.3\lib\classes\commons-collections4-4.1.jar;D:/Xilinx/Vivado/2018.3\lib\classes\commons-math-2.2.jar;D:/Xilinx/Vivado/2018.3\lib\classes\dom4j-1.6.1.jar;D:/Xilinx/Vivado/2018.3\lib\classes\guava-18.0.jar;D:/Xilinx/Vivado/2018.3\lib\classes\help.jar;D:/Xilinx/Vivado/2018.3\lib\classes\hsqldb.jar;D:/Xilinx/Vivado/2018.3\lib\classes\jargs.jar;D:/Xilinx/Vivado/2018.3\lib\classes\jaxb-api-2.3.0.jar;D:/Xilinx/Vivado/2018.3\lib\classes\jh.jar;D:/Xilinx/Vivado/2018.3\lib\classes\jide-action.jar;D:/Xilinx/Vivado/2018.3\lib\classes\jide-charts.jar;D:/Xilinx/Vivado/2018.3\lib\classes\jide-common.jar;D:/Xilinx/Vivado/2018.3\lib\classes\jide-components.jar;D:/Xilinx/Vivado/2018.3\lib\classes\jide-dashboard.jar;D:/Xilinx/Vivado/2018.3\lib\c
Launcher Type: generic

Logging:
Log output configuration:
#0: stdout all=warning uptime,level,tags
#1: stderr all=off uptime,level,tags

Environment Variables:
PATH=D:/Xilinx/Vivado/2018.3/bin;D:/Xilinx/Vivado/2018.3/patches/AR71898/vivado/lib/win64.o;D:/Xilinx/Vivado/2018.3/lib/win64.o;D:/Xilinx/Vivado/2018.3/tps/win64/jre9.0.4/bin/server;D:/Xilinx/Vivado/2018.3/tps/win64/jre9.0.4/bin;D:/Xilinx/SDK/2018.3/bin;D:/Xilinx/Vivado/2018.3/ids_lite/ISE/bin/nt64;D:/Xilinx/Vivado/2018.3/ids_lite/ISE/lib/nt64;C:\Program Files (x86)\Common Files\Oracle\Java\javapath;C:\Windows\system32;C:\Windows;C:\Windows\System32\Wbem;C:\Windows\System32\WindowsPowerShell\v1.0\;C:\Program Files (x86)\NVIDIA Corporation\PhysX\Common;E:\runnable;D:\Program Files (x86)\Cmder;;C:\WINDOWS\System32\OpenSSH\;C:\Program Files\NVIDIA Corporation\NVIDIA NvDLISR;C:\Android;D:\Program Files\Microsoft VS Code Insiders\bin;C:\Users\CircuitCoder\AppData\Local\Microsoft\WindowsApps;C:\Users\CircuitCoder\AppData\Local\hyper\app-2.1.0\resources\bin;D:/Xilinx/Vivado/2018.3\tps\mingw\6.2.0\win64.o\nt\bin;D:/Xilinx/Vivado/2018.3\tps\mingw\6.2.0\win64.o\nt\libexec\gcc\x86_64-w64-mingw32\6.2.0
USERNAME=CircuitCoder
OS=Windows_NT
PROCESSOR_IDENTIFIER=Intel64 Family 6 Model 58 Stepping 9, GenuineIntel



---------------  S Y S T E M  ---------------

OS: Windows 10 , 64 bit Build 18985 (10.0.18985.1)

CPU:total 4 (initial active 4) (4 cores per cpu, 1 threads per core) family 6 model 58 stepping 9, cmov, cx8, fxsr, mmx, sse, sse2, sse3, ssse3, sse4.1, sse4.2, popcnt, avx, aes, clmul, erms, tsc, tscinvbit, tscinv

Memory: 4k page, physical 10306024k(1637984k free), swap 27803216k(4844736k free)

vm_info: Java HotSpot(TM) 64-Bit Server VM (9.0.4+11) for windows-amd64 JRE (9.0.4+11), built on Dec 20 2017 02:18:54 by "mach5one" with MS VC++ 12.0 (VS2013)

END.
